This file contains any messages produced by compilers while
running configure, to aid debugging if configure makes a mistake.

It was created by LZO configure 2.10, which was
generated by GNU Autoconf 2.69.  Invocation command line was

  $ ./configure --prefix=/usr --enable-shared --disable-static --docdir=/usr/share/doc/lzo-2.10

## --------- ##
## Platform. ##
## --------- ##

hostname = aipc
uname -m = x86_64
uname -r = 5.11.0-34-generic
uname -s = Linux
uname -v = #36~20.04.1-Ubuntu SMP Fri Aug 27 08:06:32 UTC 2021

/usr/bin/uname -p = x86_64
/bin/uname -X     = unknown

/bin/arch              = x86_64
/usr/bin/arch -k       = unknown
/usr/convex/getsysinfo = unknown
/usr/bin/hostinfo      = unknown
/bin/machine           = unknown
/usr/bin/oslevel       = unknown
/bin/universe          = unknown

PATH: /home/hernanrazo/.local/bin
PATH: /home/hernanrazo/anaconda3/condabin
PATH: /usr/local/sbin
PATH: /usr/local/bin
PATH: /usr/sbin
PATH: /usr/bin
PATH: /sbin
PATH: /bin
PATH: /usr/games
PATH: /snap/bin


## ----------- ##
## Core tests. ##
## ----------- ##

configure:2483: Configuring LZO 2.10
configure:2630: checking build system type
configure:2644: result: x86_64-pc-linux-gnu
configure:2664: checking host system type
configure:2677: result: x86_64-pc-linux-gnu
configure:2697: checking target system type
configure:2710: result: x86_64-pc-linux-gnu
configure:2737: checking whether to enable maintainer-specific portions of Makefiles
configure:2746: result: no
configure:2851: checking for gcc
configure:2867: found /usr/bin/gcc
configure:2878: result: gcc
configure:3107: checking for C compiler version
configure:3116: gcc --version >&5
gcc (Ubuntu 9.3.0-17ubuntu1~20.04) 9.3.0
Copyright (C) 2019 Free Software Foundation, Inc.
This is free software; see the source for copying conditions.  There is NO
warranty; not even for MERCHANTABILITY or FITNESS FOR A PARTICULAR PURPOSE.

configure:3127: $? = 0
configure:3116: gcc -v >&5
Using built-in specs.
COLLECT_GCC=gcc
COLLECT_LTO_WRAPPER=/usr/lib/gcc/x86_64-linux-gnu/9/lto-wrapper
OFFLOAD_TARGET_NAMES=nvptx-none:hsa
OFFLOAD_TARGET_DEFAULT=1
Target: x86_64-linux-gnu
Configured with: ../src/configure -v --with-pkgversion='Ubuntu 9.3.0-17ubuntu1~20.04' --with-bugurl=file:///usr/share/doc/gcc-9/README.Bugs --enable-languages=c,ada,c++,go,brig,d,fortran,objc,obj-c++,gm2 --prefix=/usr --with-gcc-major-version-only --program-suffix=-9 --program-prefix=x86_64-linux-gnu- --enable-shared --enable-linker-build-id --libexecdir=/usr/lib --without-included-gettext --enable-threads=posix --libdir=/usr/lib --enable-nls --enable-clocale=gnu --enable-libstdcxx-debug --enable-libstdcxx-time=yes --with-default-libstdcxx-abi=new --enable-gnu-unique-object --disable-vtable-verify --enable-plugin --enable-default-pie --with-system-zlib --with-target-system-zlib=auto --enable-objc-gc=auto --enable-multiarch --disable-werror --with-arch-32=i686 --with-abi=m64 --with-multilib-list=m32,m64,mx32 --enable-multilib --with-tune=generic --enable-offload-targets=nvptx-none=/build/gcc-9-HskZEa/gcc-9-9.3.0/debian/tmp-nvptx/usr,hsa --without-cuda-driver --enable-checking=release --build=x86_64-linux-gnu --host=x86_64-linux-gnu --target=x86_64-linux-gnu
Thread model: posix
gcc version 9.3.0 (Ubuntu 9.3.0-17ubuntu1~20.04) 
configure:3127: $? = 0
configure:3116: gcc -V >&5
gcc: error: unrecognized command line option '-V'
gcc: fatal error: no input files
compilation terminated.
configure:3127: $? = 1
configure:3116: gcc -qversion >&5
gcc: error: unrecognized command line option '-qversion'; did you mean '--version'?
gcc: fatal error: no input files
compilation terminated.
configure:3127: $? = 1
configure:3147: checking whether the C compiler works
configure:3169: gcc    conftest.c  >&5
configure:3173: $? = 0
configure:3221: result: yes
configure:3224: checking for C compiler default output file name
configure:3226: result: a.out
configure:3232: checking for suffix of executables
configure:3239: gcc -o conftest    conftest.c  >&5
configure:3243: $? = 0
configure:3265: result: 
configure:3287: checking whether we are cross compiling
configure:3295: gcc -o conftest    conftest.c  >&5
configure:3299: $? = 0
configure:3306: ./conftest
configure:3310: $? = 0
configure:3298: result: no
configure:3303: checking for suffix of object files
configure:3325: gcc -c   conftest.c >&5
configure:3329: $? = 0
configure:3350: result: o
configure:3354: checking whether we are using the GNU C compiler
configure:3373: gcc -c   conftest.c >&5
configure:3373: $? = 0
configure:3382: result: yes
configure:3391: checking whether gcc accepts -g
configure:3411: gcc -c -g  conftest.c >&5
configure:3411: $? = 0
configure:3452: result: yes
configure:3469: checking for gcc option to accept ISO C89
configure:3532: gcc  -c -g -O2  conftest.c >&5
configure:3532: $? = 0
configure:3545: result: none needed
configure:3573: checking whether gcc understands -c and -o together
configure:3595: gcc -c conftest.c -o conftest2.o
configure:3598: $? = 0
configure:3595: gcc -c conftest.c -o conftest2.o
configure:3598: $? = 0
configure:3610: result: yes
configure:3678: checking for ar
configure:3694: found /usr/bin/ar
configure:3705: result: ar
configure:3731: checking the archiver (ar) interface
configure:3747: gcc -c -g -O2  conftest.c >&5
configure:3747: $? = 0
configure:3749: ar cru libconftest.a conftest.o >&5
ar: `u' modifier ignored since `D' is the default (see `U')
configure:3752: $? = 0
configure:3751: result: ar
configure:3792: checking for style of include used by make
configure:3820: result: GNU
configure:3852: checking dependency style of gcc
configure:3961: result: gcc3
configure:3981: checking how to run the C preprocessor
configure:4012: gcc -E  conftest.c
configure:4012: $? = 0
configure:4026: gcc -E  conftest.c
conftest.c:9:10: fatal error: ac_nonexistent.h: No such file or directory
    9 | #include <ac_nonexistent.h>
      |          ^~~~~~~~~~~~~~~~~~
compilation terminated.
configure:4026: $? = 1
configure: failed program was:
| /* confdefs.h */
| #define PACKAGE_NAME "LZO"
| #define PACKAGE_TARNAME "lzo"
| #define PACKAGE_VERSION "2.10"
| #define PACKAGE_STRING "LZO 2.10"
| #define PACKAGE_BUGREPORT "markus@oberhumer.com"
| #define PACKAGE_URL "http://www.oberhumer.com/opensource/lzo/"
| /* end confdefs.h.  */
| #include <ac_nonexistent.h>
configure:4051: result: gcc -E
configure:4071: gcc -E  conftest.c
configure:4071: $? = 0
configure:4085: gcc -E  conftest.c
conftest.c:9:10: fatal error: ac_nonexistent.h: No such file or directory
    9 | #include <ac_nonexistent.h>
      |          ^~~~~~~~~~~~~~~~~~
compilation terminated.
configure:4085: $? = 1
configure: failed program was:
| /* confdefs.h */
| #define PACKAGE_NAME "LZO"
| #define PACKAGE_TARNAME "lzo"
| #define PACKAGE_VERSION "2.10"
| #define PACKAGE_STRING "LZO 2.10"
| #define PACKAGE_BUGREPORT "markus@oberhumer.com"
| #define PACKAGE_URL "http://www.oberhumer.com/opensource/lzo/"
| /* end confdefs.h.  */
| #include <ac_nonexistent.h>
configure:4114: checking whether the C preprocessor needs special flags
configure:4143: gcc -c -g -O2   conftest.c >&5
configure:4143: $? = 0
configure:4153: result: none needed
configure:4167: checking for an ANSI C-conforming const
configure:4233: gcc -c -g -O2  conftest.c >&5
configure:4233: $? = 0
configure:4240: result: yes
configure:4249: checking for grep that handles long lines and -e
configure:4307: result: /usr/bin/grep
configure:4312: checking for egrep
configure:4374: result: /usr/bin/grep -E
configure:4379: checking for ANSI C header files
configure:4399: gcc -c -g -O2  conftest.c >&5
configure:4399: $? = 0
configure:4472: gcc -o conftest -g -O2   conftest.c  >&5
configure:4472: $? = 0
configure:4472: ./conftest
configure:4472: $? = 0
configure:4483: result: yes
configure:4496: checking for sys/types.h
configure:4496: gcc -c -g -O2  conftest.c >&5
configure:4496: $? = 0
configure:4496: result: yes
configure:4496: checking for sys/stat.h
configure:4496: gcc -c -g -O2  conftest.c >&5
configure:4496: $? = 0
configure:4496: result: yes
configure:4496: checking for stdlib.h
configure:4496: gcc -c -g -O2  conftest.c >&5
configure:4496: $? = 0
configure:4496: result: yes
configure:4496: checking for string.h
configure:4496: gcc -c -g -O2  conftest.c >&5
configure:4496: $? = 0
configure:4496: result: yes
configure:4496: checking for memory.h
configure:4496: gcc -c -g -O2  conftest.c >&5
configure:4496: $? = 0
configure:4496: result: yes
configure:4496: checking for strings.h
configure:4496: gcc -c -g -O2  conftest.c >&5
configure:4496: $? = 0
configure:4496: result: yes
configure:4496: checking for inttypes.h
configure:4496: gcc -c -g -O2  conftest.c >&5
configure:4496: $? = 0
configure:4496: result: yes
configure:4496: checking for stdint.h
configure:4496: gcc -c -g -O2  conftest.c >&5
configure:4496: $? = 0
configure:4496: result: yes
configure:4496: checking for unistd.h
configure:4496: gcc -c -g -O2  conftest.c >&5
configure:4496: $? = 0
configure:4496: result: yes
configure:4509: checking whether byte ordering is bigendian
configure:4524: gcc -c -g -O2  conftest.c >&5
conftest.c:20:9: error: unknown type name 'not'
   20 |         not a universal capable compiler
      |         ^~~
conftest.c:20:15: error: expected '=', ',', ';', 'asm' or '__attribute__' before 'universal'
   20 |         not a universal capable compiler
      |               ^~~~~~~~~
conftest.c:20:15: error: unknown type name 'universal'
configure:4524: $? = 1
configure: failed program was:
| /* confdefs.h */
| #define PACKAGE_NAME "LZO"
| #define PACKAGE_TARNAME "lzo"
| #define PACKAGE_VERSION "2.10"
| #define PACKAGE_STRING "LZO 2.10"
| #define PACKAGE_BUGREPORT "markus@oberhumer.com"
| #define PACKAGE_URL "http://www.oberhumer.com/opensource/lzo/"
| #define STDC_HEADERS 1
| #define HAVE_SYS_TYPES_H 1
| #define HAVE_SYS_STAT_H 1
| #define HAVE_STDLIB_H 1
| #define HAVE_STRING_H 1
| #define HAVE_MEMORY_H 1
| #define HAVE_STRINGS_H 1
| #define HAVE_INTTYPES_H 1
| #define HAVE_STDINT_H 1
| #define HAVE_UNISTD_H 1
| /* end confdefs.h.  */
| #ifndef __APPLE_CC__
| 	       not a universal capable compiler
| 	     #endif
| 	     typedef int dummy;
| 
configure:4569: gcc -c -g -O2  conftest.c >&5
configure:4569: $? = 0
configure:4587: gcc -c -g -O2  conftest.c >&5
conftest.c: In function 'main':
conftest.c:26:4: error: unknown type name 'not'; did you mean 'ino_t'?
   26 |    not big endian
      |    ^~~
      |    ino_t
conftest.c:26:12: error: expected '=', ',', ';', 'asm' or '__attribute__' before 'endian'
   26 |    not big endian
      |            ^~~~~~
configure:4587: $? = 1
configure: failed program was:
| /* confdefs.h */
| #define PACKAGE_NAME "LZO"
| #define PACKAGE_TARNAME "lzo"
| #define PACKAGE_VERSION "2.10"
| #define PACKAGE_STRING "LZO 2.10"
| #define PACKAGE_BUGREPORT "markus@oberhumer.com"
| #define PACKAGE_URL "http://www.oberhumer.com/opensource/lzo/"
| #define STDC_HEADERS 1
| #define HAVE_SYS_TYPES_H 1
| #define HAVE_SYS_STAT_H 1
| #define HAVE_STDLIB_H 1
| #define HAVE_STRING_H 1
| #define HAVE_MEMORY_H 1
| #define HAVE_STRINGS_H 1
| #define HAVE_INTTYPES_H 1
| #define HAVE_STDINT_H 1
| #define HAVE_UNISTD_H 1
| /* end confdefs.h.  */
| #include <sys/types.h>
| 		#include <sys/param.h>
| 
| int
| main ()
| {
| #if BYTE_ORDER != BIG_ENDIAN
| 		 not big endian
| 		#endif
| 
|   ;
|   return 0;
| }
configure:4715: result: no
configure:4744: checking for special C compiler options needed for large files
configure:4789: result: no
configure:4795: checking for _FILE_OFFSET_BITS value needed for large files
configure:4820: gcc -c -g -O2  conftest.c >&5
configure:4820: $? = 0
configure:4852: result: no
configure:4954: checking for a BSD-compatible install
configure:5022: result: /usr/bin/install -c
configure:5033: checking whether build environment is sane
configure:5088: result: yes
configure:5234: checking for a thread-safe mkdir -p
configure:5273: result: /usr/bin/mkdir -p
configure:5280: checking for gawk
configure:5310: result: no
configure:5280: checking for mawk
configure:5296: found /usr/bin/mawk
configure:5307: result: mawk
configure:5318: checking whether make sets $(MAKE)
configure:5340: result: yes
configure:5360: checking whether make supports nested variables
configure:5377: result: yes
configure:5462: checking dependency style of gcc
configure:5573: result: gcc3
configure:5642: checking whether make supports nested variables
configure:5659: result: yes
configure:5783: checking how to print strings
configure:5810: result: printf
configure:5831: checking for a sed that does not truncate output
configure:5895: result: /usr/bin/sed
configure:5913: checking for fgrep
configure:5975: result: /usr/bin/grep -F
configure:6010: checking for ld used by gcc
configure:6077: result: /usr/bin/ld
configure:6084: checking if the linker (/usr/bin/ld) is GNU ld
configure:6099: result: yes
configure:6111: checking for BSD- or MS-compatible name lister (nm)
configure:6160: result: /usr/bin/nm -B
configure:6290: checking the name lister (/usr/bin/nm -B) interface
configure:6297: gcc -c -g -O2  conftest.c >&5
configure:6300: /usr/bin/nm -B "conftest.o"
configure:6303: output
0000000000000000 B some_variable
configure:6304: result: BSD nm
configure:6307: checking whether ln -s works
configure:6311: result: yes
configure:6319: checking the maximum length of command line arguments
configure:6450: result: 1572864
configure:6498: checking how to convert x86_64-pc-linux-gnu file names to x86_64-pc-linux-gnu format
configure:6538: result: func_convert_file_noop
configure:6545: checking how to convert x86_64-pc-linux-gnu file names to toolchain format
configure:6565: result: func_convert_file_noop
configure:6572: checking for /usr/bin/ld option to reload object files
configure:6579: result: -r
configure:6653: checking for objdump
configure:6669: found /usr/bin/objdump
configure:6680: result: objdump
configure:6712: checking how to recognize dependent libraries
configure:6909: result: pass_all
configure:6994: checking for dlltool
configure:7024: result: no
configure:7054: checking how to associate runtime and link libraries
configure:7081: result: printf %s\n
configure:7205: checking for archiver @FILE support
configure:7222: gcc -c -g -O2  conftest.c >&5
configure:7222: $? = 0
configure:7225: ar cru libconftest.a @conftest.lst >&5
ar: `u' modifier ignored since `D' is the default (see `U')
configure:7228: $? = 0
configure:7233: ar cru libconftest.a @conftest.lst >&5
ar: `u' modifier ignored since `D' is the default (see `U')
ar: conftest.o: No such file or directory
configure:7236: $? = 1
configure:7235: result: @
configure:7293: checking for strip
configure:7309: found /usr/bin/strip
configure:7320: result: strip
configure:7392: checking for ranlib
configure:7408: found /usr/bin/ranlib
configure:7419: result: ranlib
configure:7521: checking command to parse /usr/bin/nm -B output from gcc object
configure:7674: gcc -c -g -O2  conftest.c >&5
configure:7677: $? = 0
configure:7681: /usr/bin/nm -B conftest.o \| sed -n -e 's/^.*[ ]\([ABCDGIRSTW][ABCDGIRSTW]*\)[ ][ ]*\([_A-Za-z][_A-Za-z0-9]*\)$/\1 \2 \2/p' | sed '/ __gnu_lto/d' \> conftest.nm
configure:7684: $? = 0
configure:7750: gcc -o conftest -g -O2   conftest.c conftstm.o >&5
configure:7753: $? = 0
configure:7791: result: ok
configure:7838: checking for sysroot
configure:7868: result: no
configure:7988: gcc -c -g -O2  conftest.c >&5
configure:7991: $? = 0
configure:8181: checking for mt
configure:8197: found /usr/bin/mt
configure:8208: result: mt
configure:8231: checking if mt is a manifest tool
configure:8237: mt '-?'
configure:8245: result: no
configure:8884: checking for dlfcn.h
configure:8884: gcc -c -g -O2  conftest.c >&5
configure:8884: $? = 0
configure:8884: result: yes
configure:9028: checking for objdir
configure:9043: result: .libs
configure:9310: checking if gcc supports -fno-rtti -fno-exceptions
configure:9328: gcc -c -g -O2  -fno-rtti -fno-exceptions conftest.c >&5
cc1: warning: command line option '-fno-rtti' is valid for C++/D/ObjC++ but not for C
configure:9332: $? = 0
configure:9345: result: no
configure:9693: checking for gcc option to produce PIC
configure:9700: result: -fPIC -DPIC
configure:9708: checking if gcc PIC flag -fPIC -DPIC works
configure:9726: gcc -c -g -O2  -fPIC -DPIC -DPIC conftest.c >&5
configure:9730: $? = 0
configure:9743: result: yes
configure:9772: checking if gcc static flag -static works
configure:9800: result: yes
configure:9815: checking if gcc supports -c -o file.o
configure:9836: gcc -c -g -O2  -o out/conftest2.o conftest.c >&5
configure:9840: $? = 0
configure:9862: result: yes
configure:9870: checking if gcc supports -c -o file.o
configure:9917: result: yes
configure:9950: checking whether the gcc linker (/usr/bin/ld -m elf_x86_64) supports shared libraries
configure:11098: result: yes
configure:11135: checking whether -lc should be explicitly linked in
configure:11143: gcc -c -g -O2  conftest.c >&5
configure:11146: $? = 0
configure:11161: gcc -shared  -fPIC -DPIC conftest.o  -v -Wl,-soname -Wl,conftest -o conftest 2\>\&1 \| /usr/bin/grep  -lc  \>/dev/null 2\>\&1
configure:11164: $? = 0
configure:11178: result: no
configure:11338: checking dynamic linker characteristics
configure:11865: gcc -o conftest -g -O2   -Wl,-rpath -Wl,/foo conftest.c  >&5
configure:11865: $? = 0
configure:12080: result: GNU/Linux ld.so
configure:12187: checking how to hardcode library paths into programs
configure:12212: result: immediate
configure:12760: checking whether stripping libraries is possible
configure:12765: result: yes
configure:12800: checking if libtool supports shared libraries
configure:12802: result: yes
configure:12805: checking whether to build shared libraries
configure:12826: result: yes
configure:12829: checking whether to build static libraries
configure:12833: result: no
configure:9890: checking whether time.h and sys/time.h may both be included
configure:9910: gcc -c -g -O2  conftest.c >&5
configure:9910: $? = 0
configure:9917: result: yes
configure:9928: checking assert.h usability
configure:9928: gcc -c -g -O2  conftest.c >&5
configure:9928: $? = 0
configure:9928: result: yes
configure:9928: checking assert.h presence
configure:9928: gcc -E  conftest.c
configure:9928: $? = 0
configure:9928: result: yes
configure:9928: checking for assert.h
configure:9928: result: yes
configure:9928: checking ctype.h usability
configure:9928: gcc -c -g -O2  conftest.c >&5
configure:9928: $? = 0
configure:9928: result: yes
configure:9928: checking ctype.h presence
configure:9928: gcc -E  conftest.c
configure:9928: $? = 0
configure:9928: result: yes
configure:9928: checking for ctype.h
configure:9928: result: yes
configure:9928: checking dirent.h usability
configure:9928: gcc -c -g -O2  conftest.c >&5
configure:9928: $? = 0
configure:9928: result: yes
configure:9928: checking dirent.h presence
configure:9928: gcc -E  conftest.c
configure:9928: $? = 0
configure:9928: result: yes
configure:9928: checking for dirent.h
configure:9928: result: yes
configure:9928: checking errno.h usability
configure:9928: gcc -c -g -O2  conftest.c >&5
configure:9928: $? = 0
configure:9928: result: yes
configure:9928: checking errno.h presence
configure:9928: gcc -E  conftest.c
configure:9928: $? = 0
configure:9928: result: yes
configure:9928: checking for errno.h
configure:9928: result: yes
configure:9928: checking fcntl.h usability
configure:9928: gcc -c -g -O2  conftest.c >&5
configure:9928: $? = 0
configure:9928: result: yes
configure:9928: checking fcntl.h presence
configure:9928: gcc -E  conftest.c
configure:9928: $? = 0
configure:9928: result: yes
configure:9928: checking for fcntl.h
configure:9928: result: yes
configure:9928: checking float.h usability
configure:9928: gcc -c -g -O2  conftest.c >&5
configure:9928: $? = 0
configure:9928: result: yes
configure:9928: checking float.h presence
configure:9928: gcc -E  conftest.c
configure:9928: $? = 0
configure:9928: result: yes
configure:9928: checking for float.h
configure:9928: result: yes
configure:9928: checking limits.h usability
configure:9928: gcc -c -g -O2  conftest.c >&5
configure:9928: $? = 0
configure:9928: result: yes
configure:9928: checking limits.h presence
configure:9928: gcc -E  conftest.c
configure:9928: $? = 0
configure:9928: result: yes
configure:9928: checking for limits.h
configure:9928: result: yes
configure:9928: checking malloc.h usability
configure:9928: gcc -c -g -O2  conftest.c >&5
configure:9928: $? = 0
configure:9928: result: yes
configure:9928: checking malloc.h presence
configure:9928: gcc -E  conftest.c
configure:9928: $? = 0
configure:9928: result: yes
configure:9928: checking for malloc.h
configure:9928: result: yes
configure:9928: checking for memory.h
configure:9928: result: yes
configure:9928: checking setjmp.h usability
configure:9928: gcc -c -g -O2  conftest.c >&5
configure:9928: $? = 0
configure:9928: result: yes
configure:9928: checking setjmp.h presence
configure:9928: gcc -E  conftest.c
configure:9928: $? = 0
configure:9928: result: yes
configure:9928: checking for setjmp.h
configure:9928: result: yes
configure:9928: checking signal.h usability
configure:9928: gcc -c -g -O2  conftest.c >&5
configure:9928: $? = 0
configure:9928: result: yes
configure:9928: checking signal.h presence
configure:9928: gcc -E  conftest.c
configure:9928: $? = 0
configure:9928: result: yes
configure:9928: checking for signal.h
configure:9928: result: yes
configure:9928: checking stdarg.h usability
configure:9928: gcc -c -g -O2  conftest.c >&5
configure:9928: $? = 0
configure:9928: result: yes
configure:9928: checking stdarg.h presence
configure:9928: gcc -E  conftest.c
configure:9928: $? = 0
configure:9928: result: yes
configure:9928: checking for stdarg.h
configure:9928: result: yes
configure:9928: checking stddef.h usability
configure:9928: gcc -c -g -O2  conftest.c >&5
configure:9928: $? = 0
configure:9928: result: yes
configure:9928: checking stddef.h presence
configure:9928: gcc -E  conftest.c
configure:9928: $? = 0
configure:9928: result: yes
configure:9928: checking for stddef.h
configure:9928: result: yes
configure:9928: checking for stdint.h
configure:9928: result: yes
configure:9928: checking stdio.h usability
configure:9928: gcc -c -g -O2  conftest.c >&5
configure:9928: $? = 0
configure:9928: result: yes
configure:9928: checking stdio.h presence
configure:9928: gcc -E  conftest.c
configure:9928: $? = 0
configure:9928: result: yes
configure:9928: checking for stdio.h
configure:9928: result: yes
configure:9928: checking for stdlib.h
configure:9928: result: yes
configure:9928: checking for string.h
configure:9928: result: yes
configure:9928: checking for strings.h
configure:9928: result: yes
configure:9928: checking time.h usability
configure:9928: gcc -c -g -O2  conftest.c >&5
configure:9928: $? = 0
configure:9928: result: yes
configure:9928: checking time.h presence
configure:9928: gcc -E  conftest.c
configure:9928: $? = 0
configure:9928: result: yes
configure:9928: checking for time.h
configure:9928: result: yes
configure:9928: checking for unistd.h
configure:9928: result: yes
configure:9928: checking utime.h usability
configure:9928: gcc -c -g -O2  conftest.c >&5
configure:9928: $? = 0
configure:9928: result: yes
configure:9928: checking utime.h presence
configure:9928: gcc -E  conftest.c
configure:9928: $? = 0
configure:9928: result: yes
configure:9928: checking for utime.h
configure:9928: result: yes
configure:9928: checking sys/mman.h usability
configure:9928: gcc -c -g -O2  conftest.c >&5
configure:9928: $? = 0
configure:9928: result: yes
configure:9928: checking sys/mman.h presence
configure:9928: gcc -E  conftest.c
configure:9928: $? = 0
configure:9928: result: yes
configure:9928: checking for sys/mman.h
configure:9928: result: yes
configure:9928: checking sys/resource.h usability
configure:9928: gcc -c -g -O2  conftest.c >&5
configure:9928: $? = 0
configure:9928: result: yes
configure:9928: checking sys/resource.h presence
configure:9928: gcc -E  conftest.c
configure:9928: $? = 0
configure:9928: result: yes
configure:9928: checking for sys/resource.h
configure:9928: result: yes
configure:9928: checking for sys/stat.h
configure:9928: result: yes
configure:9928: checking sys/time.h usability
configure:9928: gcc -c -g -O2  conftest.c >&5
configure:9928: $? = 0
configure:9928: result: yes
configure:9928: checking sys/time.h presence
configure:9928: gcc -E  conftest.c
configure:9928: $? = 0
configure:9928: result: yes
configure:9928: checking for sys/time.h
configure:9928: result: yes
configure:9928: checking for sys/types.h
configure:9928: result: yes
configure:9928: checking sys/wait.h usability
configure:9928: gcc -c -g -O2  conftest.c >&5
configure:9928: $? = 0
configure:9928: result: yes
configure:9928: checking sys/wait.h presence
configure:9928: gcc -E  conftest.c
configure:9928: $? = 0
configure:9928: result: yes
configure:9928: checking for sys/wait.h
configure:9928: result: yes
configure:9943: checking whether limits.h is sane
configure:10056: gcc -c -g -O2  conftest.c >&5
configure:10056: $? = 0
configure:10063: result: yes
configure:10075: checking for off_t
configure:10075: gcc -c -g -O2  conftest.c >&5
configure:10075: $? = 0
configure:10075: gcc -c -g -O2  conftest.c >&5
conftest.c: In function 'main':
conftest.c:88:20: error: expected expression before ')' token
   88 | if (sizeof ((off_t)))
      |                    ^
configure:10075: $? = 1
configure: failed program was:
| /* confdefs.h */
| #define PACKAGE_NAME "LZO"
| #define PACKAGE_TARNAME "lzo"
| #define PACKAGE_VERSION "2.10"
| #define PACKAGE_STRING "LZO 2.10"
| #define PACKAGE_BUGREPORT "markus@oberhumer.com"
| #define PACKAGE_URL "http://www.oberhumer.com/opensource/lzo/"
| #define STDC_HEADERS 1
| #define HAVE_SYS_TYPES_H 1
| #define HAVE_SYS_STAT_H 1
| #define HAVE_STDLIB_H 1
| #define HAVE_STRING_H 1
| #define HAVE_MEMORY_H 1
| #define HAVE_STRINGS_H 1
| #define HAVE_INTTYPES_H 1
| #define HAVE_STDINT_H 1
| #define HAVE_UNISTD_H 1
| #define LZO_ABI_LITTLE_ENDIAN 1
| #define PACKAGE "lzo"
| #define VERSION "2.10"
| #define HAVE_DLFCN_H 1
| #define LT_OBJDIR ".libs/"
| #define TIME_WITH_SYS_TIME 1
| #define HAVE_ASSERT_H 1
| #define HAVE_CTYPE_H 1
| #define HAVE_DIRENT_H 1
| #define HAVE_ERRNO_H 1
| #define HAVE_FCNTL_H 1
| #define HAVE_FLOAT_H 1
| #define HAVE_LIMITS_H 1
| #define HAVE_MALLOC_H 1
| #define HAVE_MEMORY_H 1
| #define HAVE_SETJMP_H 1
| #define HAVE_SIGNAL_H 1
| #define HAVE_STDARG_H 1
| #define HAVE_STDDEF_H 1
| #define HAVE_STDINT_H 1
| #define HAVE_STDIO_H 1
| #define HAVE_STDLIB_H 1
| #define HAVE_STRING_H 1
| #define HAVE_STRINGS_H 1
| #define HAVE_TIME_H 1
| #define HAVE_UNISTD_H 1
| #define HAVE_UTIME_H 1
| #define HAVE_SYS_MMAN_H 1
| #define HAVE_SYS_RESOURCE_H 1
| #define HAVE_SYS_STAT_H 1
| #define HAVE_SYS_TIME_H 1
| #define HAVE_SYS_TYPES_H 1
| #define HAVE_SYS_WAIT_H 1
| /* end confdefs.h.  */
| #include <stdio.h>
| #ifdef HAVE_SYS_TYPES_H
| # include <sys/types.h>
| #endif
| #ifdef HAVE_SYS_STAT_H
| # include <sys/stat.h>
| #endif
| #ifdef STDC_HEADERS
| # include <stdlib.h>
| # include <stddef.h>
| #else
| # ifdef HAVE_STDLIB_H
| #  include <stdlib.h>
| # endif
| #endif
| #ifdef HAVE_STRING_H
| # if !defined STDC_HEADERS && defined HAVE_MEMORY_H
| #  include <memory.h>
| # endif
| # include <string.h>
| #endif
| #ifdef HAVE_STRINGS_H
| # include <strings.h>
| #endif
| #ifdef HAVE_INTTYPES_H
| # include <inttypes.h>
| #endif
| #ifdef HAVE_STDINT_H
| # include <stdint.h>
| #endif
| #ifdef HAVE_UNISTD_H
| # include <unistd.h>
| #endif
| int
| main ()
| {
| if (sizeof ((off_t)))
| 	    return 0;
|   ;
|   return 0;
| }
configure:10075: result: yes
configure:10086: checking for ptrdiff_t
configure:10086: gcc -c -g -O2  conftest.c >&5
configure:10086: $? = 0
configure:10086: gcc -c -g -O2  conftest.c >&5
conftest.c: In function 'main':
conftest.c:88:24: error: expected expression before ')' token
   88 | if (sizeof ((ptrdiff_t)))
      |                        ^
configure:10086: $? = 1
configure: failed program was:
| /* confdefs.h */
| #define PACKAGE_NAME "LZO"
| #define PACKAGE_TARNAME "lzo"
| #define PACKAGE_VERSION "2.10"
| #define PACKAGE_STRING "LZO 2.10"
| #define PACKAGE_BUGREPORT "markus@oberhumer.com"
| #define PACKAGE_URL "http://www.oberhumer.com/opensource/lzo/"
| #define STDC_HEADERS 1
| #define HAVE_SYS_TYPES_H 1
| #define HAVE_SYS_STAT_H 1
| #define HAVE_STDLIB_H 1
| #define HAVE_STRING_H 1
| #define HAVE_MEMORY_H 1
| #define HAVE_STRINGS_H 1
| #define HAVE_INTTYPES_H 1
| #define HAVE_STDINT_H 1
| #define HAVE_UNISTD_H 1
| #define LZO_ABI_LITTLE_ENDIAN 1
| #define PACKAGE "lzo"
| #define VERSION "2.10"
| #define HAVE_DLFCN_H 1
| #define LT_OBJDIR ".libs/"
| #define TIME_WITH_SYS_TIME 1
| #define HAVE_ASSERT_H 1
| #define HAVE_CTYPE_H 1
| #define HAVE_DIRENT_H 1
| #define HAVE_ERRNO_H 1
| #define HAVE_FCNTL_H 1
| #define HAVE_FLOAT_H 1
| #define HAVE_LIMITS_H 1
| #define HAVE_MALLOC_H 1
| #define HAVE_MEMORY_H 1
| #define HAVE_SETJMP_H 1
| #define HAVE_SIGNAL_H 1
| #define HAVE_STDARG_H 1
| #define HAVE_STDDEF_H 1
| #define HAVE_STDINT_H 1
| #define HAVE_STDIO_H 1
| #define HAVE_STDLIB_H 1
| #define HAVE_STRING_H 1
| #define HAVE_STRINGS_H 1
| #define HAVE_TIME_H 1
| #define HAVE_UNISTD_H 1
| #define HAVE_UTIME_H 1
| #define HAVE_SYS_MMAN_H 1
| #define HAVE_SYS_RESOURCE_H 1
| #define HAVE_SYS_STAT_H 1
| #define HAVE_SYS_TIME_H 1
| #define HAVE_SYS_TYPES_H 1
| #define HAVE_SYS_WAIT_H 1
| /* end confdefs.h.  */
| #include <stdio.h>
| #ifdef HAVE_SYS_TYPES_H
| # include <sys/types.h>
| #endif
| #ifdef HAVE_SYS_STAT_H
| # include <sys/stat.h>
| #endif
| #ifdef STDC_HEADERS
| # include <stdlib.h>
| # include <stddef.h>
| #else
| # ifdef HAVE_STDLIB_H
| #  include <stdlib.h>
| # endif
| #endif
| #ifdef HAVE_STRING_H
| # if !defined STDC_HEADERS && defined HAVE_MEMORY_H
| #  include <memory.h>
| # endif
| # include <string.h>
| #endif
| #ifdef HAVE_STRINGS_H
| # include <strings.h>
| #endif
| #ifdef HAVE_INTTYPES_H
| # include <inttypes.h>
| #endif
| #ifdef HAVE_STDINT_H
| # include <stdint.h>
| #endif
| #ifdef HAVE_UNISTD_H
| # include <unistd.h>
| #endif
| int
| main ()
| {
| if (sizeof ((ptrdiff_t)))
| 	    return 0;
|   ;
|   return 0;
| }
configure:10086: result: yes
configure:10097: checking for size_t
configure:10097: gcc -c -g -O2  conftest.c >&5
configure:10097: $? = 0
configure:10097: gcc -c -g -O2  conftest.c >&5
conftest.c: In function 'main':
conftest.c:88:21: error: expected expression before ')' token
   88 | if (sizeof ((size_t)))
      |                     ^
configure:10097: $? = 1
configure: failed program was:
| /* confdefs.h */
| #define PACKAGE_NAME "LZO"
| #define PACKAGE_TARNAME "lzo"
| #define PACKAGE_VERSION "2.10"
| #define PACKAGE_STRING "LZO 2.10"
| #define PACKAGE_BUGREPORT "markus@oberhumer.com"
| #define PACKAGE_URL "http://www.oberhumer.com/opensource/lzo/"
| #define STDC_HEADERS 1
| #define HAVE_SYS_TYPES_H 1
| #define HAVE_SYS_STAT_H 1
| #define HAVE_STDLIB_H 1
| #define HAVE_STRING_H 1
| #define HAVE_MEMORY_H 1
| #define HAVE_STRINGS_H 1
| #define HAVE_INTTYPES_H 1
| #define HAVE_STDINT_H 1
| #define HAVE_UNISTD_H 1
| #define LZO_ABI_LITTLE_ENDIAN 1
| #define PACKAGE "lzo"
| #define VERSION "2.10"
| #define HAVE_DLFCN_H 1
| #define LT_OBJDIR ".libs/"
| #define TIME_WITH_SYS_TIME 1
| #define HAVE_ASSERT_H 1
| #define HAVE_CTYPE_H 1
| #define HAVE_DIRENT_H 1
| #define HAVE_ERRNO_H 1
| #define HAVE_FCNTL_H 1
| #define HAVE_FLOAT_H 1
| #define HAVE_LIMITS_H 1
| #define HAVE_MALLOC_H 1
| #define HAVE_MEMORY_H 1
| #define HAVE_SETJMP_H 1
| #define HAVE_SIGNAL_H 1
| #define HAVE_STDARG_H 1
| #define HAVE_STDDEF_H 1
| #define HAVE_STDINT_H 1
| #define HAVE_STDIO_H 1
| #define HAVE_STDLIB_H 1
| #define HAVE_STRING_H 1
| #define HAVE_STRINGS_H 1
| #define HAVE_TIME_H 1
| #define HAVE_UNISTD_H 1
| #define HAVE_UTIME_H 1
| #define HAVE_SYS_MMAN_H 1
| #define HAVE_SYS_RESOURCE_H 1
| #define HAVE_SYS_STAT_H 1
| #define HAVE_SYS_TIME_H 1
| #define HAVE_SYS_TYPES_H 1
| #define HAVE_SYS_WAIT_H 1
| /* end confdefs.h.  */
| #include <stdio.h>
| #ifdef HAVE_SYS_TYPES_H
| # include <sys/types.h>
| #endif
| #ifdef HAVE_SYS_STAT_H
| # include <sys/stat.h>
| #endif
| #ifdef STDC_HEADERS
| # include <stdlib.h>
| # include <stddef.h>
| #else
| # ifdef HAVE_STDLIB_H
| #  include <stdlib.h>
| # endif
| #endif
| #ifdef HAVE_STRING_H
| # if !defined STDC_HEADERS && defined HAVE_MEMORY_H
| #  include <memory.h>
| # endif
| # include <string.h>
| #endif
| #ifdef HAVE_STRINGS_H
| # include <strings.h>
| #endif
| #ifdef HAVE_INTTYPES_H
| # include <inttypes.h>
| #endif
| #ifdef HAVE_STDINT_H
| # include <stdint.h>
| #endif
| #ifdef HAVE_UNISTD_H
| # include <unistd.h>
| #endif
| int
| main ()
| {
| if (sizeof ((size_t)))
| 	    return 0;
|   ;
|   return 0;
| }
configure:10097: result: yes
configure:10108: checking return type of signal handlers
configure:10126: gcc -c -g -O2  conftest.c >&5
conftest.c: In function 'main':
conftest.c:58:10: error: void value not ignored as it ought to be
   58 | return *(signal (0, 0)) (0) == 1;
      |         ~^~~~~~~~~~~~~~~~~~
configure:10126: $? = 1
configure: failed program was:
| /* confdefs.h */
| #define PACKAGE_NAME "LZO"
| #define PACKAGE_TARNAME "lzo"
| #define PACKAGE_VERSION "2.10"
| #define PACKAGE_STRING "LZO 2.10"
| #define PACKAGE_BUGREPORT "markus@oberhumer.com"
| #define PACKAGE_URL "http://www.oberhumer.com/opensource/lzo/"
| #define STDC_HEADERS 1
| #define HAVE_SYS_TYPES_H 1
| #define HAVE_SYS_STAT_H 1
| #define HAVE_STDLIB_H 1
| #define HAVE_STRING_H 1
| #define HAVE_MEMORY_H 1
| #define HAVE_STRINGS_H 1
| #define HAVE_INTTYPES_H 1
| #define HAVE_STDINT_H 1
| #define HAVE_UNISTD_H 1
| #define LZO_ABI_LITTLE_ENDIAN 1
| #define PACKAGE "lzo"
| #define VERSION "2.10"
| #define HAVE_DLFCN_H 1
| #define LT_OBJDIR ".libs/"
| #define TIME_WITH_SYS_TIME 1
| #define HAVE_ASSERT_H 1
| #define HAVE_CTYPE_H 1
| #define HAVE_DIRENT_H 1
| #define HAVE_ERRNO_H 1
| #define HAVE_FCNTL_H 1
| #define HAVE_FLOAT_H 1
| #define HAVE_LIMITS_H 1
| #define HAVE_MALLOC_H 1
| #define HAVE_MEMORY_H 1
| #define HAVE_SETJMP_H 1
| #define HAVE_SIGNAL_H 1
| #define HAVE_STDARG_H 1
| #define HAVE_STDDEF_H 1
| #define HAVE_STDINT_H 1
| #define HAVE_STDIO_H 1
| #define HAVE_STDLIB_H 1
| #define HAVE_STRING_H 1
| #define HAVE_STRINGS_H 1
| #define HAVE_TIME_H 1
| #define HAVE_UNISTD_H 1
| #define HAVE_UTIME_H 1
| #define HAVE_SYS_MMAN_H 1
| #define HAVE_SYS_RESOURCE_H 1
| #define HAVE_SYS_STAT_H 1
| #define HAVE_SYS_TIME_H 1
| #define HAVE_SYS_TYPES_H 1
| #define HAVE_SYS_WAIT_H 1
| /* end confdefs.h.  */
| #include <sys/types.h>
| #include <signal.h>
| 
| int
| main ()
| {
| return *(signal (0, 0)) (0) == 1;
|   ;
|   return 0;
| }
configure:10133: result: void
configure:10147: checking size of short
configure:10152: gcc -o conftest -g -O2   conftest.c  >&5
configure:10152: $? = 0
configure:10152: ./conftest
configure:10152: $? = 0
configure:10166: result: 2
configure:10180: checking size of int
configure:10185: gcc -o conftest -g -O2   conftest.c  >&5
configure:10185: $? = 0
configure:10185: ./conftest
configure:10185: $? = 0
configure:10199: result: 4
configure:10213: checking size of long
configure:10218: gcc -o conftest -g -O2   conftest.c  >&5
configure:10218: $? = 0
configure:10218: ./conftest
configure:10218: $? = 0
configure:10232: result: 8
configure:10247: checking size of long long
configure:10252: gcc -o conftest -g -O2   conftest.c  >&5
configure:10252: $? = 0
configure:10252: ./conftest
configure:10252: $? = 0
configure:10266: result: 8
configure:10280: checking size of __int16
configure:10285: gcc -o conftest -g -O2   conftest.c  >&5
conftest.c: In function 'longval':
conftest.c:90:57: error: '__int16' undeclared (first use in this function); did you mean '__int16_t'?
   90 | static long int longval () { return (long int) (sizeof (__int16)); }
      |                                                         ^~~~~~~
      |                                                         __int16_t
conftest.c:90:57: note: each undeclared identifier is reported only once for each function it appears in
conftest.c: In function 'ulongval':
conftest.c:91:67: error: '__int16' undeclared (first use in this function); did you mean '__int16_t'?
   91 | static unsigned long int ulongval () { return (long int) (sizeof (__int16)); }
      |                                                                   ^~~~~~~
      |                                                                   __int16_t
conftest.c: In function 'main':
conftest.c:101:28: error: '__int16' undeclared (first use in this function); did you mean '__int16_t'?
  101 |   if (((long int) (sizeof (__int16))) < 0)
      |                            ^~~~~~~
      |                            __int16_t
configure:10285: $? = 1
configure: program exited with status 1
configure: failed program was:
| /* confdefs.h */
| #define PACKAGE_NAME "LZO"
| #define PACKAGE_TARNAME "lzo"
| #define PACKAGE_VERSION "2.10"
| #define PACKAGE_STRING "LZO 2.10"
| #define PACKAGE_BUGREPORT "markus@oberhumer.com"
| #define PACKAGE_URL "http://www.oberhumer.com/opensource/lzo/"
| #define STDC_HEADERS 1
| #define HAVE_SYS_TYPES_H 1
| #define HAVE_SYS_STAT_H 1
| #define HAVE_STDLIB_H 1
| #define HAVE_STRING_H 1
| #define HAVE_MEMORY_H 1
| #define HAVE_STRINGS_H 1
| #define HAVE_INTTYPES_H 1
| #define HAVE_STDINT_H 1
| #define HAVE_UNISTD_H 1
| #define LZO_ABI_LITTLE_ENDIAN 1
| #define PACKAGE "lzo"
| #define VERSION "2.10"
| #define HAVE_DLFCN_H 1
| #define LT_OBJDIR ".libs/"
| #define TIME_WITH_SYS_TIME 1
| #define HAVE_ASSERT_H 1
| #define HAVE_CTYPE_H 1
| #define HAVE_DIRENT_H 1
| #define HAVE_ERRNO_H 1
| #define HAVE_FCNTL_H 1
| #define HAVE_FLOAT_H 1
| #define HAVE_LIMITS_H 1
| #define HAVE_MALLOC_H 1
| #define HAVE_MEMORY_H 1
| #define HAVE_SETJMP_H 1
| #define HAVE_SIGNAL_H 1
| #define HAVE_STDARG_H 1
| #define HAVE_STDDEF_H 1
| #define HAVE_STDINT_H 1
| #define HAVE_STDIO_H 1
| #define HAVE_STDLIB_H 1
| #define HAVE_STRING_H 1
| #define HAVE_STRINGS_H 1
| #define HAVE_TIME_H 1
| #define HAVE_UNISTD_H 1
| #define HAVE_UTIME_H 1
| #define HAVE_SYS_MMAN_H 1
| #define HAVE_SYS_RESOURCE_H 1
| #define HAVE_SYS_STAT_H 1
| #define HAVE_SYS_TIME_H 1
| #define HAVE_SYS_TYPES_H 1
| #define HAVE_SYS_WAIT_H 1
| #define RETSIGTYPE void
| #define SIZEOF_SHORT 2
| #define SIZEOF_INT 4
| #define SIZEOF_LONG 8
| #define SIZEOF_LONG_LONG 8
| /* end confdefs.h.  */
| #include <stdio.h>
| #ifdef HAVE_SYS_TYPES_H
| # include <sys/types.h>
| #endif
| #ifdef HAVE_SYS_STAT_H
| # include <sys/stat.h>
| #endif
| #ifdef STDC_HEADERS
| # include <stdlib.h>
| # include <stddef.h>
| #else
| # ifdef HAVE_STDLIB_H
| #  include <stdlib.h>
| # endif
| #endif
| #ifdef HAVE_STRING_H
| # if !defined STDC_HEADERS && defined HAVE_MEMORY_H
| #  include <memory.h>
| # endif
| # include <string.h>
| #endif
| #ifdef HAVE_STRINGS_H
| # include <strings.h>
| #endif
| #ifdef HAVE_INTTYPES_H
| # include <inttypes.h>
| #endif
| #ifdef HAVE_STDINT_H
| # include <stdint.h>
| #endif
| #ifdef HAVE_UNISTD_H
| # include <unistd.h>
| #endif
| static long int longval () { return (long int) (sizeof (__int16)); }
| static unsigned long int ulongval () { return (long int) (sizeof (__int16)); }
| #include <stdio.h>
| #include <stdlib.h>
| int
| main ()
| {
| 
|   FILE *f = fopen ("conftest.val", "w");
|   if (! f)
|     return 1;
|   if (((long int) (sizeof (__int16))) < 0)
|     {
|       long int i = longval ();
|       if (i != ((long int) (sizeof (__int16))))
| 	return 1;
|       fprintf (f, "%ld", i);
|     }
|   else
|     {
|       unsigned long int i = ulongval ();
|       if (i != ((long int) (sizeof (__int16))))
| 	return 1;
|       fprintf (f, "%lu", i);
|     }
|   /* Do not output a trailing newline, as this causes \r\n confusion
|      on some platforms.  */
|   return ferror (f) || fclose (f) != 0;
| 
|   ;
|   return 0;
| }
configure:10299: result: 0
configure:10313: checking size of __int32
configure:10318: gcc -o conftest -g -O2   conftest.c  >&5
conftest.c: In function 'longval':
conftest.c:91:57: error: '__int32' undeclared (first use in this function); did you mean '__int32_t'?
   91 | static long int longval () { return (long int) (sizeof (__int32)); }
      |                                                         ^~~~~~~
      |                                                         __int32_t
conftest.c:91:57: note: each undeclared identifier is reported only once for each function it appears in
conftest.c: In function 'ulongval':
conftest.c:92:67: error: '__int32' undeclared (first use in this function); did you mean '__int32_t'?
   92 | static unsigned long int ulongval () { return (long int) (sizeof (__int32)); }
      |                                                                   ^~~~~~~
      |                                                                   __int32_t
conftest.c: In function 'main':
conftest.c:102:28: error: '__int32' undeclared (first use in this function); did you mean '__int32_t'?
  102 |   if (((long int) (sizeof (__int32))) < 0)
      |                            ^~~~~~~
      |                            __int32_t
configure:10318: $? = 1
configure: program exited with status 1
configure: failed program was:
| /* confdefs.h */
| #define PACKAGE_NAME "LZO"
| #define PACKAGE_TARNAME "lzo"
| #define PACKAGE_VERSION "2.10"
| #define PACKAGE_STRING "LZO 2.10"
| #define PACKAGE_BUGREPORT "markus@oberhumer.com"
| #define PACKAGE_URL "http://www.oberhumer.com/opensource/lzo/"
| #define STDC_HEADERS 1
| #define HAVE_SYS_TYPES_H 1
| #define HAVE_SYS_STAT_H 1
| #define HAVE_STDLIB_H 1
| #define HAVE_STRING_H 1
| #define HAVE_MEMORY_H 1
| #define HAVE_STRINGS_H 1
| #define HAVE_INTTYPES_H 1
| #define HAVE_STDINT_H 1
| #define HAVE_UNISTD_H 1
| #define LZO_ABI_LITTLE_ENDIAN 1
| #define PACKAGE "lzo"
| #define VERSION "2.10"
| #define HAVE_DLFCN_H 1
| #define LT_OBJDIR ".libs/"
| #define TIME_WITH_SYS_TIME 1
| #define HAVE_ASSERT_H 1
| #define HAVE_CTYPE_H 1
| #define HAVE_DIRENT_H 1
| #define HAVE_ERRNO_H 1
| #define HAVE_FCNTL_H 1
| #define HAVE_FLOAT_H 1
| #define HAVE_LIMITS_H 1
| #define HAVE_MALLOC_H 1
| #define HAVE_MEMORY_H 1
| #define HAVE_SETJMP_H 1
| #define HAVE_SIGNAL_H 1
| #define HAVE_STDARG_H 1
| #define HAVE_STDDEF_H 1
| #define HAVE_STDINT_H 1
| #define HAVE_STDIO_H 1
| #define HAVE_STDLIB_H 1
| #define HAVE_STRING_H 1
| #define HAVE_STRINGS_H 1
| #define HAVE_TIME_H 1
| #define HAVE_UNISTD_H 1
| #define HAVE_UTIME_H 1
| #define HAVE_SYS_MMAN_H 1
| #define HAVE_SYS_RESOURCE_H 1
| #define HAVE_SYS_STAT_H 1
| #define HAVE_SYS_TIME_H 1
| #define HAVE_SYS_TYPES_H 1
| #define HAVE_SYS_WAIT_H 1
| #define RETSIGTYPE void
| #define SIZEOF_SHORT 2
| #define SIZEOF_INT 4
| #define SIZEOF_LONG 8
| #define SIZEOF_LONG_LONG 8
| #define SIZEOF___INT16 0
| /* end confdefs.h.  */
| #include <stdio.h>
| #ifdef HAVE_SYS_TYPES_H
| # include <sys/types.h>
| #endif
| #ifdef HAVE_SYS_STAT_H
| # include <sys/stat.h>
| #endif
| #ifdef STDC_HEADERS
| # include <stdlib.h>
| # include <stddef.h>
| #else
| # ifdef HAVE_STDLIB_H
| #  include <stdlib.h>
| # endif
| #endif
| #ifdef HAVE_STRING_H
| # if !defined STDC_HEADERS && defined HAVE_MEMORY_H
| #  include <memory.h>
| # endif
| # include <string.h>
| #endif
| #ifdef HAVE_STRINGS_H
| # include <strings.h>
| #endif
| #ifdef HAVE_INTTYPES_H
| # include <inttypes.h>
| #endif
| #ifdef HAVE_STDINT_H
| # include <stdint.h>
| #endif
| #ifdef HAVE_UNISTD_H
| # include <unistd.h>
| #endif
| static long int longval () { return (long int) (sizeof (__int32)); }
| static unsigned long int ulongval () { return (long int) (sizeof (__int32)); }
| #include <stdio.h>
| #include <stdlib.h>
| int
| main ()
| {
| 
|   FILE *f = fopen ("conftest.val", "w");
|   if (! f)
|     return 1;
|   if (((long int) (sizeof (__int32))) < 0)
|     {
|       long int i = longval ();
|       if (i != ((long int) (sizeof (__int32))))
| 	return 1;
|       fprintf (f, "%ld", i);
|     }
|   else
|     {
|       unsigned long int i = ulongval ();
|       if (i != ((long int) (sizeof (__int32))))
| 	return 1;
|       fprintf (f, "%lu", i);
|     }
|   /* Do not output a trailing newline, as this causes \r\n confusion
|      on some platforms.  */
|   return ferror (f) || fclose (f) != 0;
| 
|   ;
|   return 0;
| }
configure:10332: result: 0
configure:10346: checking size of __int64
configure:10351: gcc -o conftest -g -O2   conftest.c  >&5
conftest.c: In function 'longval':
conftest.c:92:57: error: '__int64' undeclared (first use in this function); did you mean '__int64_t'?
   92 | static long int longval () { return (long int) (sizeof (__int64)); }
      |                                                         ^~~~~~~
      |                                                         __int64_t
conftest.c:92:57: note: each undeclared identifier is reported only once for each function it appears in
conftest.c: In function 'ulongval':
conftest.c:93:67: error: '__int64' undeclared (first use in this function); did you mean '__int64_t'?
   93 | static unsigned long int ulongval () { return (long int) (sizeof (__int64)); }
      |                                                                   ^~~~~~~
      |                                                                   __int64_t
conftest.c: In function 'main':
conftest.c:103:28: error: '__int64' undeclared (first use in this function); did you mean '__int64_t'?
  103 |   if (((long int) (sizeof (__int64))) < 0)
      |                            ^~~~~~~
      |                            __int64_t
configure:10351: $? = 1
configure: program exited with status 1
configure: failed program was:
| /* confdefs.h */
| #define PACKAGE_NAME "LZO"
| #define PACKAGE_TARNAME "lzo"
| #define PACKAGE_VERSION "2.10"
| #define PACKAGE_STRING "LZO 2.10"
| #define PACKAGE_BUGREPORT "markus@oberhumer.com"
| #define PACKAGE_URL "http://www.oberhumer.com/opensource/lzo/"
| #define STDC_HEADERS 1
| #define HAVE_SYS_TYPES_H 1
| #define HAVE_SYS_STAT_H 1
| #define HAVE_STDLIB_H 1
| #define HAVE_STRING_H 1
| #define HAVE_MEMORY_H 1
| #define HAVE_STRINGS_H 1
| #define HAVE_INTTYPES_H 1
| #define HAVE_STDINT_H 1
| #define HAVE_UNISTD_H 1
| #define LZO_ABI_LITTLE_ENDIAN 1
| #define PACKAGE "lzo"
| #define VERSION "2.10"
| #define HAVE_DLFCN_H 1
| #define LT_OBJDIR ".libs/"
| #define TIME_WITH_SYS_TIME 1
| #define HAVE_ASSERT_H 1
| #define HAVE_CTYPE_H 1
| #define HAVE_DIRENT_H 1
| #define HAVE_ERRNO_H 1
| #define HAVE_FCNTL_H 1
| #define HAVE_FLOAT_H 1
| #define HAVE_LIMITS_H 1
| #define HAVE_MALLOC_H 1
| #define HAVE_MEMORY_H 1
| #define HAVE_SETJMP_H 1
| #define HAVE_SIGNAL_H 1
| #define HAVE_STDARG_H 1
| #define HAVE_STDDEF_H 1
| #define HAVE_STDINT_H 1
| #define HAVE_STDIO_H 1
| #define HAVE_STDLIB_H 1
| #define HAVE_STRING_H 1
| #define HAVE_STRINGS_H 1
| #define HAVE_TIME_H 1
| #define HAVE_UNISTD_H 1
| #define HAVE_UTIME_H 1
| #define HAVE_SYS_MMAN_H 1
| #define HAVE_SYS_RESOURCE_H 1
| #define HAVE_SYS_STAT_H 1
| #define HAVE_SYS_TIME_H 1
| #define HAVE_SYS_TYPES_H 1
| #define HAVE_SYS_WAIT_H 1
| #define RETSIGTYPE void
| #define SIZEOF_SHORT 2
| #define SIZEOF_INT 4
| #define SIZEOF_LONG 8
| #define SIZEOF_LONG_LONG 8
| #define SIZEOF___INT16 0
| #define SIZEOF___INT32 0
| /* end confdefs.h.  */
| #include <stdio.h>
| #ifdef HAVE_SYS_TYPES_H
| # include <sys/types.h>
| #endif
| #ifdef HAVE_SYS_STAT_H
| # include <sys/stat.h>
| #endif
| #ifdef STDC_HEADERS
| # include <stdlib.h>
| # include <stddef.h>
| #else
| # ifdef HAVE_STDLIB_H
| #  include <stdlib.h>
| # endif
| #endif
| #ifdef HAVE_STRING_H
| # if !defined STDC_HEADERS && defined HAVE_MEMORY_H
| #  include <memory.h>
| # endif
| # include <string.h>
| #endif
| #ifdef HAVE_STRINGS_H
| # include <strings.h>
| #endif
| #ifdef HAVE_INTTYPES_H
| # include <inttypes.h>
| #endif
| #ifdef HAVE_STDINT_H
| # include <stdint.h>
| #endif
| #ifdef HAVE_UNISTD_H
| # include <unistd.h>
| #endif
| static long int longval () { return (long int) (sizeof (__int64)); }
| static unsigned long int ulongval () { return (long int) (sizeof (__int64)); }
| #include <stdio.h>
| #include <stdlib.h>
| int
| main ()
| {
| 
|   FILE *f = fopen ("conftest.val", "w");
|   if (! f)
|     return 1;
|   if (((long int) (sizeof (__int64))) < 0)
|     {
|       long int i = longval ();
|       if (i != ((long int) (sizeof (__int64))))
| 	return 1;
|       fprintf (f, "%ld", i);
|     }
|   else
|     {
|       unsigned long int i = ulongval ();
|       if (i != ((long int) (sizeof (__int64))))
| 	return 1;
|       fprintf (f, "%lu", i);
|     }
|   /* Do not output a trailing newline, as this causes \r\n confusion
|      on some platforms.  */
|   return ferror (f) || fclose (f) != 0;
| 
|   ;
|   return 0;
| }
configure:10365: result: 0
configure:10380: checking size of void *
configure:10385: gcc -o conftest -g -O2   conftest.c  >&5
configure:10385: $? = 0
configure:10385: ./conftest
configure:10385: $? = 0
configure:10399: result: 8
configure:10413: checking size of size_t
configure:10418: gcc -o conftest -g -O2   conftest.c  >&5
configure:10418: $? = 0
configure:10418: ./conftest
configure:10418: $? = 0
configure:10432: result: 8
configure:10446: checking size of ptrdiff_t
configure:10451: gcc -o conftest -g -O2   conftest.c  >&5
configure:10451: $? = 0
configure:10451: ./conftest
configure:10451: $? = 0
configure:10465: result: 8
configure:10481: checking size of __int32
configure:10500: result: 0
configure:10514: checking size of intmax_t
configure:10519: gcc -o conftest -g -O2   conftest.c  >&5
configure:10519: $? = 0
configure:10519: ./conftest
configure:10519: $? = 0
configure:10533: result: 8
configure:10547: checking size of uintmax_t
configure:10552: gcc -o conftest -g -O2   conftest.c  >&5
configure:10552: $? = 0
configure:10552: ./conftest
configure:10552: $? = 0
configure:10566: result: 8
configure:10580: checking size of intptr_t
configure:10585: gcc -o conftest -g -O2   conftest.c  >&5
configure:10585: $? = 0
configure:10585: ./conftest
configure:10585: $? = 0
configure:10599: result: 8
configure:10613: checking size of uintptr_t
configure:10618: gcc -o conftest -g -O2   conftest.c  >&5
configure:10618: $? = 0
configure:10618: ./conftest
configure:10618: $? = 0
configure:10632: result: 8
configure:10647: checking size of float
configure:10652: gcc -o conftest -g -O2   conftest.c  >&5
configure:10652: $? = 0
configure:10652: ./conftest
configure:10652: $? = 0
configure:10666: result: 4
configure:10680: checking size of double
configure:10685: gcc -o conftest -g -O2   conftest.c  >&5
configure:10685: $? = 0
configure:10685: ./conftest
configure:10685: $? = 0
configure:10699: result: 8
configure:10713: checking size of long double
configure:10718: gcc -o conftest -g -O2   conftest.c  >&5
configure:10718: $? = 0
configure:10718: ./conftest
configure:10718: $? = 0
configure:10732: result: 16
configure:10747: checking size of dev_t
configure:10752: gcc -o conftest -g -O2   conftest.c  >&5
configure:10752: $? = 0
configure:10752: ./conftest
configure:10752: $? = 0
configure:10766: result: 8
configure:10780: checking size of fpos_t
configure:10785: gcc -o conftest -g -O2   conftest.c  >&5
configure:10785: $? = 0
configure:10785: ./conftest
configure:10785: $? = 0
configure:10799: result: 16
configure:10813: checking size of mode_t
configure:10818: gcc -o conftest -g -O2   conftest.c  >&5
configure:10818: $? = 0
configure:10818: ./conftest
configure:10818: $? = 0
configure:10832: result: 4
configure:10846: checking size of off_t
configure:10851: gcc -o conftest -g -O2   conftest.c  >&5
configure:10851: $? = 0
configure:10851: ./conftest
configure:10851: $? = 0
configure:10865: result: 8
configure:10879: checking size of ssize_t
configure:10884: gcc -o conftest -g -O2   conftest.c  >&5
configure:10884: $? = 0
configure:10884: ./conftest
configure:10884: $? = 0
configure:10898: result: 8
configure:10912: checking size of time_t
configure:10917: gcc -o conftest -g -O2   conftest.c  >&5
configure:10917: $? = 0
configure:10917: ./conftest
configure:10917: $? = 0
configure:10931: result: 8
configure:10952: checking for access
configure:10952: gcc -o conftest -g -O2   conftest.c  >&5
configure:10952: $? = 0
configure:10952: result: yes
configure:10952: checking for alloca
configure:10952: gcc -o conftest -g -O2   conftest.c  >&5
conftest.c:101:6: warning: conflicting types for built-in function 'alloca'; expected 'void *(long unsigned int)' [-Wbuiltin-declaration-mismatch]
  101 | char alloca ();
      |      ^~~~~~
/usr/bin/ld: /tmp/ccxKFe2X.o: in function `main':
/home/hernanrazo/CS546/lib/lzo-2.10/conftest.c:112: undefined reference to `alloca'
collect2: error: ld returned 1 exit status
configure:10952: $? = 1
configure: failed program was:
| /* confdefs.h */
| #define PACKAGE_NAME "LZO"
| #define PACKAGE_TARNAME "lzo"
| #define PACKAGE_VERSION "2.10"
| #define PACKAGE_STRING "LZO 2.10"
| #define PACKAGE_BUGREPORT "markus@oberhumer.com"
| #define PACKAGE_URL "http://www.oberhumer.com/opensource/lzo/"
| #define STDC_HEADERS 1
| #define HAVE_SYS_TYPES_H 1
| #define HAVE_SYS_STAT_H 1
| #define HAVE_STDLIB_H 1
| #define HAVE_STRING_H 1
| #define HAVE_MEMORY_H 1
| #define HAVE_STRINGS_H 1
| #define HAVE_INTTYPES_H 1
| #define HAVE_STDINT_H 1
| #define HAVE_UNISTD_H 1
| #define LZO_ABI_LITTLE_ENDIAN 1
| #define PACKAGE "lzo"
| #define VERSION "2.10"
| #define HAVE_DLFCN_H 1
| #define LT_OBJDIR ".libs/"
| #define TIME_WITH_SYS_TIME 1
| #define HAVE_ASSERT_H 1
| #define HAVE_CTYPE_H 1
| #define HAVE_DIRENT_H 1
| #define HAVE_ERRNO_H 1
| #define HAVE_FCNTL_H 1
| #define HAVE_FLOAT_H 1
| #define HAVE_LIMITS_H 1
| #define HAVE_MALLOC_H 1
| #define HAVE_MEMORY_H 1
| #define HAVE_SETJMP_H 1
| #define HAVE_SIGNAL_H 1
| #define HAVE_STDARG_H 1
| #define HAVE_STDDEF_H 1
| #define HAVE_STDINT_H 1
| #define HAVE_STDIO_H 1
| #define HAVE_STDLIB_H 1
| #define HAVE_STRING_H 1
| #define HAVE_STRINGS_H 1
| #define HAVE_TIME_H 1
| #define HAVE_UNISTD_H 1
| #define HAVE_UTIME_H 1
| #define HAVE_SYS_MMAN_H 1
| #define HAVE_SYS_RESOURCE_H 1
| #define HAVE_SYS_STAT_H 1
| #define HAVE_SYS_TIME_H 1
| #define HAVE_SYS_TYPES_H 1
| #define HAVE_SYS_WAIT_H 1
| #define RETSIGTYPE void
| #define SIZEOF_SHORT 2
| #define SIZEOF_INT 4
| #define SIZEOF_LONG 8
| #define SIZEOF_LONG_LONG 8
| #define SIZEOF___INT16 0
| #define SIZEOF___INT32 0
| #define SIZEOF___INT64 0
| #define SIZEOF_VOID_P 8
| #define SIZEOF_SIZE_T 8
| #define SIZEOF_PTRDIFF_T 8
| #define SIZEOF___INT32 0
| #define SIZEOF_INTMAX_T 8
| #define SIZEOF_UINTMAX_T 8
| #define SIZEOF_INTPTR_T 8
| #define SIZEOF_UINTPTR_T 8
| #define SIZEOF_FLOAT 4
| #define SIZEOF_DOUBLE 8
| #define SIZEOF_LONG_DOUBLE 16
| #define SIZEOF_DEV_T 8
| #define SIZEOF_FPOS_T 16
| #define SIZEOF_MODE_T 4
| #define SIZEOF_OFF_T 8
| #define SIZEOF_SSIZE_T 8
| #define SIZEOF_TIME_T 8
| #define HAVE_ACCESS 1
| /* end confdefs.h.  */
| /* Define alloca to an innocuous variant, in case <limits.h> declares alloca.
|    For example, HP-UX 11i <limits.h> declares gettimeofday.  */
| #define alloca innocuous_alloca
| 
| /* System header to define __stub macros and hopefully few prototypes,
|     which can conflict with char alloca (); below.
|     Prefer <limits.h> to <assert.h> if __STDC__ is defined, since
|     <limits.h> exists even on freestanding compilers.  */
| 
| #ifdef __STDC__
| # include <limits.h>
| #else
| # include <assert.h>
| #endif
| 
| #undef alloca
| 
| /* Override any GCC internal prototype to avoid an error.
|    Use char because int might match the return type of a GCC
|    builtin and then its argument prototype would still apply.  */
| #ifdef __cplusplus
| extern "C"
| #endif
| char alloca ();
| /* The GNU C library defines this for functions which it implements
|     to always fail with ENOSYS.  Some functions are actually named
|     something starting with __ and the normal name is an alias.  */
| #if defined __stub_alloca || defined __stub___alloca
| choke me
| #endif
| 
| int
| main ()
| {
| return alloca ();
|   ;
|   return 0;
| }
configure:10952: result: no
configure:10952: checking for atexit
configure:10952: gcc -o conftest -g -O2   conftest.c  >&5
configure:10952: $? = 0
configure:10952: result: yes
configure:10952: checking for atoi
configure:10952: gcc -o conftest -g -O2   conftest.c  >&5
configure:10952: $? = 0
configure:10952: result: yes
configure:10952: checking for atol
configure:10952: gcc -o conftest -g -O2   conftest.c  >&5
configure:10952: $? = 0
configure:10952: result: yes
configure:10952: checking for chmod
configure:10952: gcc -o conftest -g -O2   conftest.c  >&5
configure:10952: $? = 0
configure:10952: result: yes
configure:10952: checking for chown
configure:10952: gcc -o conftest -g -O2   conftest.c  >&5
configure:10952: $? = 0
configure:10952: result: yes
configure:10952: checking for clock_getcpuclockid
configure:10952: gcc -o conftest -g -O2   conftest.c  >&5
configure:10952: $? = 0
configure:10952: result: yes
configure:10952: checking for clock_getres
configure:10952: gcc -o conftest -g -O2   conftest.c  >&5
configure:10952: $? = 0
configure:10952: result: yes
configure:10952: checking for clock_gettime
configure:10952: gcc -o conftest -g -O2   conftest.c  >&5
configure:10952: $? = 0
configure:10952: result: yes
configure:10952: checking for ctime
configure:10952: gcc -o conftest -g -O2   conftest.c  >&5
configure:10952: $? = 0
configure:10952: result: yes
configure:10952: checking for difftime
configure:10952: gcc -o conftest -g -O2   conftest.c  >&5
configure:10952: $? = 0
configure:10952: result: yes
configure:10952: checking for fstat
configure:10952: gcc -o conftest -g -O2   conftest.c  >&5
configure:10952: $? = 0
configure:10952: result: yes
configure:10952: checking for getenv
configure:10952: gcc -o conftest -g -O2   conftest.c  >&5
configure:10952: $? = 0
configure:10952: result: yes
configure:10952: checking for getpagesize
configure:10952: gcc -o conftest -g -O2   conftest.c  >&5
configure:10952: $? = 0
configure:10952: result: yes
configure:10952: checking for getrusage
configure:10952: gcc -o conftest -g -O2   conftest.c  >&5
configure:10952: $? = 0
configure:10952: result: yes
configure:10952: checking for gettimeofday
configure:10952: gcc -o conftest -g -O2   conftest.c  >&5
configure:10952: $? = 0
configure:10952: result: yes
configure:10952: checking for gmtime
configure:10952: gcc -o conftest -g -O2   conftest.c  >&5
configure:10952: $? = 0
configure:10952: result: yes
configure:10952: checking for isatty
configure:10952: gcc -o conftest -g -O2   conftest.c  >&5
configure:10952: $? = 0
configure:10952: result: yes
configure:10952: checking for localtime
configure:10952: gcc -o conftest -g -O2   conftest.c  >&5
configure:10952: $? = 0
configure:10952: result: yes
configure:10952: checking for longjmp
configure:10952: gcc -o conftest -g -O2   conftest.c  >&5
configure:10952: $? = 0
configure:10952: result: yes
configure:10952: checking for lstat
configure:10952: gcc -o conftest -g -O2   conftest.c  >&5
configure:10952: $? = 0
configure:10952: result: yes
configure:10952: checking for memcmp
configure:10952: gcc -o conftest -g -O2   conftest.c  >&5
conftest.c:121:6: warning: conflicting types for built-in function 'memcmp'; expected 'int(const void *, const void *, long unsigned int)' [-Wbuiltin-declaration-mismatch]
  121 | char memcmp ();
      |      ^~~~~~
conftest.c:109:1: note: 'memcmp' is declared in header '<string.h>'
  108 | # include <limits.h>
  109 | #else
configure:10952: $? = 0
configure:10952: result: yes
configure:10952: checking for memcpy
configure:10952: gcc -o conftest -g -O2   conftest.c  >&5
conftest.c:122:6: warning: conflicting types for built-in function 'memcpy'; expected 'void *(void *, const void *, long unsigned int)' [-Wbuiltin-declaration-mismatch]
  122 | char memcpy ();
      |      ^~~~~~
conftest.c:110:1: note: 'memcpy' is declared in header '<string.h>'
  109 | # include <limits.h>
  110 | #else
configure:10952: $? = 0
configure:10952: result: yes
configure:10952: checking for memmove
configure:10952: gcc -o conftest -g -O2   conftest.c  >&5
conftest.c:123:6: warning: conflicting types for built-in function 'memmove'; expected 'void *(void *, const void *, long unsigned int)' [-Wbuiltin-declaration-mismatch]
  123 | char memmove ();
      |      ^~~~~~~
conftest.c:111:1: note: 'memmove' is declared in header '<string.h>'
  110 | # include <limits.h>
  111 | #else
configure:10952: $? = 0
configure:10952: result: yes
configure:10952: checking for memset
configure:10952: gcc -o conftest -g -O2   conftest.c  >&5
conftest.c:124:6: warning: conflicting types for built-in function 'memset'; expected 'void *(void *, int,  long unsigned int)' [-Wbuiltin-declaration-mismatch]
  124 | char memset ();
      |      ^~~~~~
conftest.c:112:1: note: 'memset' is declared in header '<string.h>'
  111 | # include <limits.h>
  112 | #else
configure:10952: $? = 0
configure:10952: result: yes
configure:10952: checking for mkdir
configure:10952: gcc -o conftest -g -O2   conftest.c  >&5
configure:10952: $? = 0
configure:10952: result: yes
configure:10952: checking for mktime
configure:10952: gcc -o conftest -g -O2   conftest.c  >&5
configure:10952: $? = 0
configure:10952: result: yes
configure:10952: checking for mmap
configure:10952: gcc -o conftest -g -O2   conftest.c  >&5
configure:10952: $? = 0
configure:10952: result: yes
configure:10952: checking for mprotect
configure:10952: gcc -o conftest -g -O2   conftest.c  >&5
configure:10952: $? = 0
configure:10952: result: yes
configure:10952: checking for munmap
configure:10952: gcc -o conftest -g -O2   conftest.c  >&5
configure:10952: $? = 0
configure:10952: result: yes
configure:10952: checking for qsort
configure:10952: gcc -o conftest -g -O2   conftest.c  >&5
configure:10952: $? = 0
configure:10952: result: yes
configure:10952: checking for raise
configure:10952: gcc -o conftest -g -O2   conftest.c  >&5
configure:10952: $? = 0
configure:10952: result: yes
configure:10952: checking for rmdir
configure:10952: gcc -o conftest -g -O2   conftest.c  >&5
configure:10952: $? = 0
configure:10952: result: yes
configure:10952: checking for setjmp
configure:10952: gcc -o conftest -g -O2   conftest.c  >&5
configure:10952: $? = 0
configure:10952: result: yes
configure:10952: checking for signal
configure:10952: gcc -o conftest -g -O2   conftest.c  >&5
configure:10952: $? = 0
configure:10952: result: yes
configure:10952: checking for snprintf
configure:10952: gcc -o conftest -g -O2   conftest.c  >&5
conftest.c:135:6: warning: conflicting types for built-in function 'snprintf'; expected 'int(char *, long unsigned int,  const char *, ...)' [-Wbuiltin-declaration-mismatch]
  135 | char snprintf ();
      |      ^~~~~~~~
conftest.c:123:1: note: 'snprintf' is declared in header '<stdio.h>'
  122 | # include <limits.h>
  123 | #else
configure:10952: $? = 0
configure:10952: result: yes
configure:10952: checking for strcasecmp
configure:10952: gcc -o conftest -g -O2   conftest.c  >&5
conftest.c:136:6: warning: conflicting types for built-in function 'strcasecmp'; expected 'int(const char *, const char *)' [-Wbuiltin-declaration-mismatch]
  136 | char strcasecmp ();
      |      ^~~~~~~~~~
configure:10952: $? = 0
configure:10952: result: yes
configure:10952: checking for strchr
configure:10952: gcc -o conftest -g -O2   conftest.c  >&5
conftest.c:137:6: warning: conflicting types for built-in function 'strchr'; expected 'char *(const char *, int)' [-Wbuiltin-declaration-mismatch]
  137 | char strchr ();
      |      ^~~~~~
conftest.c:125:1: note: 'strchr' is declared in header '<string.h>'
  124 | # include <limits.h>
  125 | #else
configure:10952: $? = 0
configure:10952: result: yes
configure:10952: checking for strdup
configure:10952: gcc -o conftest -g -O2   conftest.c  >&5
conftest.c:138:6: warning: conflicting types for built-in function 'strdup'; expected 'char *(const char *)' [-Wbuiltin-declaration-mismatch]
  138 | char strdup ();
      |      ^~~~~~
configure:10952: $? = 0
configure:10952: result: yes
configure:10952: checking for strerror
configure:10952: gcc -o conftest -g -O2   conftest.c  >&5
configure:10952: $? = 0
configure:10952: result: yes
configure:10952: checking for strftime
configure:10952: gcc -o conftest -g -O2   conftest.c  >&5
conftest.c:140:6: warning: conflicting types for built-in function 'strftime'; expected 'long unsigned int(char *, long unsigned int,  const char *, const void *)' [-Wbuiltin-declaration-mismatch]
  140 | char strftime ();
      |      ^~~~~~~~
conftest.c:128:1: note: 'strftime' is declared in header '<time.h>'
  127 | # include <limits.h>
  128 | #else
configure:10952: $? = 0
configure:10952: result: yes
configure:10952: checking for stricmp
configure:10952: gcc -o conftest -g -O2   conftest.c  >&5
/usr/bin/ld: /tmp/cc2RSxmP.o: in function `main':
/home/hernanrazo/CS546/lib/lzo-2.10/conftest.c:152: undefined reference to `stricmp'
collect2: error: ld returned 1 exit status
configure:10952: $? = 1
configure: failed program was:
| /* confdefs.h */
| #define PACKAGE_NAME "LZO"
| #define PACKAGE_TARNAME "lzo"
| #define PACKAGE_VERSION "2.10"
| #define PACKAGE_STRING "LZO 2.10"
| #define PACKAGE_BUGREPORT "markus@oberhumer.com"
| #define PACKAGE_URL "http://www.oberhumer.com/opensource/lzo/"
| #define STDC_HEADERS 1
| #define HAVE_SYS_TYPES_H 1
| #define HAVE_SYS_STAT_H 1
| #define HAVE_STDLIB_H 1
| #define HAVE_STRING_H 1
| #define HAVE_MEMORY_H 1
| #define HAVE_STRINGS_H 1
| #define HAVE_INTTYPES_H 1
| #define HAVE_STDINT_H 1
| #define HAVE_UNISTD_H 1
| #define LZO_ABI_LITTLE_ENDIAN 1
| #define PACKAGE "lzo"
| #define VERSION "2.10"
| #define HAVE_DLFCN_H 1
| #define LT_OBJDIR ".libs/"
| #define TIME_WITH_SYS_TIME 1
| #define HAVE_ASSERT_H 1
| #define HAVE_CTYPE_H 1
| #define HAVE_DIRENT_H 1
| #define HAVE_ERRNO_H 1
| #define HAVE_FCNTL_H 1
| #define HAVE_FLOAT_H 1
| #define HAVE_LIMITS_H 1
| #define HAVE_MALLOC_H 1
| #define HAVE_MEMORY_H 1
| #define HAVE_SETJMP_H 1
| #define HAVE_SIGNAL_H 1
| #define HAVE_STDARG_H 1
| #define HAVE_STDDEF_H 1
| #define HAVE_STDINT_H 1
| #define HAVE_STDIO_H 1
| #define HAVE_STDLIB_H 1
| #define HAVE_STRING_H 1
| #define HAVE_STRINGS_H 1
| #define HAVE_TIME_H 1
| #define HAVE_UNISTD_H 1
| #define HAVE_UTIME_H 1
| #define HAVE_SYS_MMAN_H 1
| #define HAVE_SYS_RESOURCE_H 1
| #define HAVE_SYS_STAT_H 1
| #define HAVE_SYS_TIME_H 1
| #define HAVE_SYS_TYPES_H 1
| #define HAVE_SYS_WAIT_H 1
| #define RETSIGTYPE void
| #define SIZEOF_SHORT 2
| #define SIZEOF_INT 4
| #define SIZEOF_LONG 8
| #define SIZEOF_LONG_LONG 8
| #define SIZEOF___INT16 0
| #define SIZEOF___INT32 0
| #define SIZEOF___INT64 0
| #define SIZEOF_VOID_P 8
| #define SIZEOF_SIZE_T 8
| #define SIZEOF_PTRDIFF_T 8
| #define SIZEOF___INT32 0
| #define SIZEOF_INTMAX_T 8
| #define SIZEOF_UINTMAX_T 8
| #define SIZEOF_INTPTR_T 8
| #define SIZEOF_UINTPTR_T 8
| #define SIZEOF_FLOAT 4
| #define SIZEOF_DOUBLE 8
| #define SIZEOF_LONG_DOUBLE 16
| #define SIZEOF_DEV_T 8
| #define SIZEOF_FPOS_T 16
| #define SIZEOF_MODE_T 4
| #define SIZEOF_OFF_T 8
| #define SIZEOF_SSIZE_T 8
| #define SIZEOF_TIME_T 8
| #define HAVE_ACCESS 1
| #define HAVE_ATEXIT 1
| #define HAVE_ATOI 1
| #define HAVE_ATOL 1
| #define HAVE_CHMOD 1
| #define HAVE_CHOWN 1
| #define HAVE_CLOCK_GETCPUCLOCKID 1
| #define HAVE_CLOCK_GETRES 1
| #define HAVE_CLOCK_GETTIME 1
| #define HAVE_CTIME 1
| #define HAVE_DIFFTIME 1
| #define HAVE_FSTAT 1
| #define HAVE_GETENV 1
| #define HAVE_GETPAGESIZE 1
| #define HAVE_GETRUSAGE 1
| #define HAVE_GETTIMEOFDAY 1
| #define HAVE_GMTIME 1
| #define HAVE_ISATTY 1
| #define HAVE_LOCALTIME 1
| #define HAVE_LONGJMP 1
| #define HAVE_LSTAT 1
| #define HAVE_MEMCMP 1
| #define HAVE_MEMCPY 1
| #define HAVE_MEMMOVE 1
| #define HAVE_MEMSET 1
| #define HAVE_MKDIR 1
| #define HAVE_MKTIME 1
| #define HAVE_MMAP 1
| #define HAVE_MPROTECT 1
| #define HAVE_MUNMAP 1
| #define HAVE_QSORT 1
| #define HAVE_RAISE 1
| #define HAVE_RMDIR 1
| #define HAVE_SETJMP 1
| #define HAVE_SIGNAL 1
| #define HAVE_SNPRINTF 1
| #define HAVE_STRCASECMP 1
| #define HAVE_STRCHR 1
| #define HAVE_STRDUP 1
| #define HAVE_STRERROR 1
| #define HAVE_STRFTIME 1
| /* end confdefs.h.  */
| /* Define stricmp to an innocuous variant, in case <limits.h> declares stricmp.
|    For example, HP-UX 11i <limits.h> declares gettimeofday.  */
| #define stricmp innocuous_stricmp
| 
| /* System header to define __stub macros and hopefully few prototypes,
|     which can conflict with char stricmp (); below.
|     Prefer <limits.h> to <assert.h> if __STDC__ is defined, since
|     <limits.h> exists even on freestanding compilers.  */
| 
| #ifdef __STDC__
| # include <limits.h>
| #else
| # include <assert.h>
| #endif
| 
| #undef stricmp
| 
| /* Override any GCC internal prototype to avoid an error.
|    Use char because int might match the return type of a GCC
|    builtin and then its argument prototype would still apply.  */
| #ifdef __cplusplus
| extern "C"
| #endif
| char stricmp ();
| /* The GNU C library defines this for functions which it implements
|     to always fail with ENOSYS.  Some functions are actually named
|     something starting with __ and the normal name is an alias.  */
| #if defined __stub_stricmp || defined __stub___stricmp
| choke me
| #endif
| 
| int
| main ()
| {
| return stricmp ();
|   ;
|   return 0;
| }
configure:10952: result: no
configure:10952: checking for strncasecmp
configure:10952: gcc -o conftest -g -O2   conftest.c  >&5
conftest.c:141:6: warning: conflicting types for built-in function 'strncasecmp'; expected 'int(const char *, const char *, long unsigned int)' [-Wbuiltin-declaration-mismatch]
  141 | char strncasecmp ();
      |      ^~~~~~~~~~~
configure:10952: $? = 0
configure:10952: result: yes
configure:10952: checking for strnicmp
configure:10952: gcc -o conftest -g -O2   conftest.c  >&5
/usr/bin/ld: /tmp/ccmIlTiS.o: in function `main':
/home/hernanrazo/CS546/lib/lzo-2.10/conftest.c:153: undefined reference to `strnicmp'
collect2: error: ld returned 1 exit status
configure:10952: $? = 1
configure: failed program was:
| /* confdefs.h */
| #define PACKAGE_NAME "LZO"
| #define PACKAGE_TARNAME "lzo"
| #define PACKAGE_VERSION "2.10"
| #define PACKAGE_STRING "LZO 2.10"
| #define PACKAGE_BUGREPORT "markus@oberhumer.com"
| #define PACKAGE_URL "http://www.oberhumer.com/opensource/lzo/"
| #define STDC_HEADERS 1
| #define HAVE_SYS_TYPES_H 1
| #define HAVE_SYS_STAT_H 1
| #define HAVE_STDLIB_H 1
| #define HAVE_STRING_H 1
| #define HAVE_MEMORY_H 1
| #define HAVE_STRINGS_H 1
| #define HAVE_INTTYPES_H 1
| #define HAVE_STDINT_H 1
| #define HAVE_UNISTD_H 1
| #define LZO_ABI_LITTLE_ENDIAN 1
| #define PACKAGE "lzo"
| #define VERSION "2.10"
| #define HAVE_DLFCN_H 1
| #define LT_OBJDIR ".libs/"
| #define TIME_WITH_SYS_TIME 1
| #define HAVE_ASSERT_H 1
| #define HAVE_CTYPE_H 1
| #define HAVE_DIRENT_H 1
| #define HAVE_ERRNO_H 1
| #define HAVE_FCNTL_H 1
| #define HAVE_FLOAT_H 1
| #define HAVE_LIMITS_H 1
| #define HAVE_MALLOC_H 1
| #define HAVE_MEMORY_H 1
| #define HAVE_SETJMP_H 1
| #define HAVE_SIGNAL_H 1
| #define HAVE_STDARG_H 1
| #define HAVE_STDDEF_H 1
| #define HAVE_STDINT_H 1
| #define HAVE_STDIO_H 1
| #define HAVE_STDLIB_H 1
| #define HAVE_STRING_H 1
| #define HAVE_STRINGS_H 1
| #define HAVE_TIME_H 1
| #define HAVE_UNISTD_H 1
| #define HAVE_UTIME_H 1
| #define HAVE_SYS_MMAN_H 1
| #define HAVE_SYS_RESOURCE_H 1
| #define HAVE_SYS_STAT_H 1
| #define HAVE_SYS_TIME_H 1
| #define HAVE_SYS_TYPES_H 1
| #define HAVE_SYS_WAIT_H 1
| #define RETSIGTYPE void
| #define SIZEOF_SHORT 2
| #define SIZEOF_INT 4
| #define SIZEOF_LONG 8
| #define SIZEOF_LONG_LONG 8
| #define SIZEOF___INT16 0
| #define SIZEOF___INT32 0
| #define SIZEOF___INT64 0
| #define SIZEOF_VOID_P 8
| #define SIZEOF_SIZE_T 8
| #define SIZEOF_PTRDIFF_T 8
| #define SIZEOF___INT32 0
| #define SIZEOF_INTMAX_T 8
| #define SIZEOF_UINTMAX_T 8
| #define SIZEOF_INTPTR_T 8
| #define SIZEOF_UINTPTR_T 8
| #define SIZEOF_FLOAT 4
| #define SIZEOF_DOUBLE 8
| #define SIZEOF_LONG_DOUBLE 16
| #define SIZEOF_DEV_T 8
| #define SIZEOF_FPOS_T 16
| #define SIZEOF_MODE_T 4
| #define SIZEOF_OFF_T 8
| #define SIZEOF_SSIZE_T 8
| #define SIZEOF_TIME_T 8
| #define HAVE_ACCESS 1
| #define HAVE_ATEXIT 1
| #define HAVE_ATOI 1
| #define HAVE_ATOL 1
| #define HAVE_CHMOD 1
| #define HAVE_CHOWN 1
| #define HAVE_CLOCK_GETCPUCLOCKID 1
| #define HAVE_CLOCK_GETRES 1
| #define HAVE_CLOCK_GETTIME 1
| #define HAVE_CTIME 1
| #define HAVE_DIFFTIME 1
| #define HAVE_FSTAT 1
| #define HAVE_GETENV 1
| #define HAVE_GETPAGESIZE 1
| #define HAVE_GETRUSAGE 1
| #define HAVE_GETTIMEOFDAY 1
| #define HAVE_GMTIME 1
| #define HAVE_ISATTY 1
| #define HAVE_LOCALTIME 1
| #define HAVE_LONGJMP 1
| #define HAVE_LSTAT 1
| #define HAVE_MEMCMP 1
| #define HAVE_MEMCPY 1
| #define HAVE_MEMMOVE 1
| #define HAVE_MEMSET 1
| #define HAVE_MKDIR 1
| #define HAVE_MKTIME 1
| #define HAVE_MMAP 1
| #define HAVE_MPROTECT 1
| #define HAVE_MUNMAP 1
| #define HAVE_QSORT 1
| #define HAVE_RAISE 1
| #define HAVE_RMDIR 1
| #define HAVE_SETJMP 1
| #define HAVE_SIGNAL 1
| #define HAVE_SNPRINTF 1
| #define HAVE_STRCASECMP 1
| #define HAVE_STRCHR 1
| #define HAVE_STRDUP 1
| #define HAVE_STRERROR 1
| #define HAVE_STRFTIME 1
| #define HAVE_STRNCASECMP 1
| /* end confdefs.h.  */
| /* Define strnicmp to an innocuous variant, in case <limits.h> declares strnicmp.
|    For example, HP-UX 11i <limits.h> declares gettimeofday.  */
| #define strnicmp innocuous_strnicmp
| 
| /* System header to define __stub macros and hopefully few prototypes,
|     which can conflict with char strnicmp (); below.
|     Prefer <limits.h> to <assert.h> if __STDC__ is defined, since
|     <limits.h> exists even on freestanding compilers.  */
| 
| #ifdef __STDC__
| # include <limits.h>
| #else
| # include <assert.h>
| #endif
| 
| #undef strnicmp
| 
| /* Override any GCC internal prototype to avoid an error.
|    Use char because int might match the return type of a GCC
|    builtin and then its argument prototype would still apply.  */
| #ifdef __cplusplus
| extern "C"
| #endif
| char strnicmp ();
| /* The GNU C library defines this for functions which it implements
|     to always fail with ENOSYS.  Some functions are actually named
|     something starting with __ and the normal name is an alias.  */
| #if defined __stub_strnicmp || defined __stub___strnicmp
| choke me
| #endif
| 
| int
| main ()
| {
| return strnicmp ();
|   ;
|   return 0;
| }
configure:10952: result: no
configure:10952: checking for strrchr
configure:10952: gcc -o conftest -g -O2   conftest.c  >&5
conftest.c:142:6: warning: conflicting types for built-in function 'strrchr'; expected 'char *(const char *, int)' [-Wbuiltin-declaration-mismatch]
  142 | char strrchr ();
      |      ^~~~~~~
conftest.c:130:1: note: 'strrchr' is declared in header '<string.h>'
  129 | # include <limits.h>
  130 | #else
configure:10952: $? = 0
configure:10952: result: yes
configure:10952: checking for strstr
configure:10952: gcc -o conftest -g -O2   conftest.c  >&5
conftest.c:143:6: warning: conflicting types for built-in function 'strstr'; expected 'char *(const char *, const char *)' [-Wbuiltin-declaration-mismatch]
  143 | char strstr ();
      |      ^~~~~~
conftest.c:131:1: note: 'strstr' is declared in header '<string.h>'
  130 | # include <limits.h>
  131 | #else
configure:10952: $? = 0
configure:10952: result: yes
configure:10952: checking for time
configure:10952: gcc -o conftest -g -O2   conftest.c  >&5
configure:10952: $? = 0
configure:10952: result: yes
configure:10952: checking for umask
configure:10952: gcc -o conftest -g -O2   conftest.c  >&5
configure:10952: $? = 0
configure:10952: result: yes
configure:10952: checking for utime
configure:10952: gcc -o conftest -g -O2   conftest.c  >&5
configure:10952: $? = 0
configure:10952: result: yes
configure:10952: checking for vsnprintf
configure:10952: gcc -o conftest -g -O2   conftest.c  >&5
conftest.c:147:6: warning: conflicting types for built-in function 'vsnprintf'; expected 'int(char *, long unsigned int,  const char *, __va_list_tag *)' [-Wbuiltin-declaration-mismatch]
  147 | char vsnprintf ();
      |      ^~~~~~~~~
conftest.c:135:1: note: 'vsnprintf' is declared in header '<stdio.h>'
  134 | # include <limits.h>
  135 | #else
configure:10952: $? = 0
configure:10952: result: yes
configure:10995: checking whether to build assembly versions
configure:11007: gcc -g -O2 -c conftest.S 1>&5
conftest.S:2:2: error: #error 
    2 | #error
      |  ^~~~~
conftest.S:5:10: fatal error: /home/hernanrazo/CS546/lib/lzo-2.10/asm/amd64/src_gas/elf64/lzo1x_f1.S: No such file or directory
    5 | #include "/home/hernanrazo/CS546/lib/lzo-2.10/asm/amd64/src_gas/elf64/lzo1x_f1.S"
      |          ^~~~~~~~~~~~~~~~~~~~~~~~~~~~~~~~~~~~~~~~~~~~~~~~~~~~~~~~~~~~~~~~~~~~~~~~
compilation terminated.
configure:11010: $? = 1
configure: failed program was:
#if !defined(__i386__) && !defined(__i386)
#error
this+is+an+error
#endif
#include "/home/hernanrazo/CS546/lib/lzo-2.10/asm/amd64/src_gas/elf64/lzo1x_f1.S"
configure:11029: result: no
configure:11059: checking whether your compiler passes the LZO conformance test
configure:11107: gcc -c -g -O2 -I./include -I.  conftest.c >&5
configure:11107: $? = 0
configure:11115: result: yes
configure:11263: checking that generated files are newer than configure
configure:11269: result: done
configure:11301: creating ./config.status

## ---------------------- ##
## Running config.status. ##
## ---------------------- ##

This file was extended by LZO config.status 2.10, which was
generated by GNU Autoconf 2.69.  Invocation command line was

  CONFIG_FILES    = 
  CONFIG_HEADERS  = 
  CONFIG_LINKS    = 
  CONFIG_COMMANDS = 
  $ ./config.status 

on aipc

config.status:1196: creating Makefile
config.status:1196: creating lzo2.pc
config.status:1196: creating config.h
config.status:1425: executing depfiles commands
config.status:1425: executing libtool commands

## ---------------- ##
## Cache variables. ##
## ---------------- ##

ac_cv_build=x86_64-pc-linux-gnu
ac_cv_c_bigendian=no
ac_cv_c_compiler_gnu=yes
ac_cv_c_const=yes
ac_cv_env_CCASFLAGS_set=
ac_cv_env_CCASFLAGS_value=
ac_cv_env_CCAS_set=
ac_cv_env_CCAS_value=
ac_cv_env_CC_set=
ac_cv_env_CC_value=
ac_cv_env_CFLAGS_set=
ac_cv_env_CFLAGS_value=
ac_cv_env_CPPFLAGS_set=
ac_cv_env_CPPFLAGS_value=
ac_cv_env_CPP_set=
ac_cv_env_CPP_value=
ac_cv_env_LDFLAGS_set=
ac_cv_env_LDFLAGS_value=
ac_cv_env_LIBS_set=
ac_cv_env_LIBS_value=
ac_cv_env_build_alias_set=
ac_cv_env_build_alias_value=
ac_cv_env_host_alias_set=
ac_cv_env_host_alias_value=
ac_cv_env_target_alias_set=
ac_cv_env_target_alias_value=
ac_cv_func_access=yes
ac_cv_func_alloca=no
ac_cv_func_atexit=yes
ac_cv_func_atoi=yes
ac_cv_func_atol=yes
ac_cv_func_chmod=yes
ac_cv_func_chown=yes
ac_cv_func_clock_getcpuclockid=yes
ac_cv_func_clock_getres=yes
ac_cv_func_clock_gettime=yes
ac_cv_func_ctime=yes
ac_cv_func_difftime=yes
ac_cv_func_fstat=yes
ac_cv_func_getenv=yes
ac_cv_func_getpagesize=yes
ac_cv_func_getrusage=yes
ac_cv_func_gettimeofday=yes
ac_cv_func_gmtime=yes
ac_cv_func_isatty=yes
ac_cv_func_localtime=yes
ac_cv_func_longjmp=yes
ac_cv_func_lstat=yes
ac_cv_func_memcmp=yes
ac_cv_func_memcpy=yes
ac_cv_func_memmove=yes
ac_cv_func_memset=yes
ac_cv_func_mkdir=yes
ac_cv_func_mktime=yes
ac_cv_func_mmap=yes
ac_cv_func_mprotect=yes
ac_cv_func_munmap=yes
ac_cv_func_qsort=yes
ac_cv_func_raise=yes
ac_cv_func_rmdir=yes
ac_cv_func_setjmp=yes
ac_cv_func_signal=yes
ac_cv_func_snprintf=yes
ac_cv_func_strcasecmp=yes
ac_cv_func_strchr=yes
ac_cv_func_strdup=yes
ac_cv_func_strerror=yes
ac_cv_func_strftime=yes
ac_cv_func_stricmp=no
ac_cv_func_strncasecmp=yes
ac_cv_func_strnicmp=no
ac_cv_func_strrchr=yes
ac_cv_func_strstr=yes
ac_cv_func_time=yes
ac_cv_func_umask=yes
ac_cv_func_utime=yes
ac_cv_func_vsnprintf=yes
ac_cv_header_assert_h=yes
ac_cv_header_ctype_h=yes
ac_cv_header_dirent_h=yes
ac_cv_header_dlfcn_h=yes
ac_cv_header_errno_h=yes
ac_cv_header_fcntl_h=yes
ac_cv_header_float_h=yes
ac_cv_header_inttypes_h=yes
ac_cv_header_limits_h=yes
ac_cv_header_malloc_h=yes
ac_cv_header_memory_h=yes
ac_cv_header_setjmp_h=yes
ac_cv_header_signal_h=yes
ac_cv_header_stdarg_h=yes
ac_cv_header_stdc=yes
ac_cv_header_stddef_h=yes
ac_cv_header_stdint_h=yes
ac_cv_header_stdio_h=yes
ac_cv_header_stdlib_h=yes
ac_cv_header_string_h=yes
ac_cv_header_strings_h=yes
ac_cv_header_sys_mman_h=yes
ac_cv_header_sys_resource_h=yes
ac_cv_header_sys_stat_h=yes
ac_cv_header_sys_time_h=yes
ac_cv_header_sys_types_h=yes
ac_cv_header_sys_wait_h=yes
ac_cv_header_time=yes
ac_cv_header_time_h=yes
ac_cv_header_unistd_h=yes
ac_cv_header_utime_h=yes
ac_cv_host=x86_64-pc-linux-gnu
ac_cv_objext=o
ac_cv_path_EGREP='/usr/bin/grep -E'
ac_cv_path_FGREP='/usr/bin/grep -F'
ac_cv_path_GREP=/usr/bin/grep
ac_cv_path_SED=/usr/bin/sed
ac_cv_path_install='/usr/bin/install -c'
ac_cv_path_mkdir=/usr/bin/mkdir
ac_cv_prog_AWK=mawk
ac_cv_prog_CPP='gcc -E'
ac_cv_prog_ac_ct_AR=ar
ac_cv_prog_ac_ct_CC=gcc
ac_cv_prog_ac_ct_MANIFEST_TOOL=mt
ac_cv_prog_ac_ct_OBJDUMP=objdump
ac_cv_prog_ac_ct_RANLIB=ranlib
ac_cv_prog_ac_ct_STRIP=strip
ac_cv_prog_cc_c89=
ac_cv_prog_cc_g=yes
ac_cv_prog_make_make_set=yes
ac_cv_sizeof___int16=0
ac_cv_sizeof___int32=0
ac_cv_sizeof___int64=0
ac_cv_sizeof_dev_t=8
ac_cv_sizeof_double=8
ac_cv_sizeof_float=4
ac_cv_sizeof_fpos_t=16
ac_cv_sizeof_int=4
ac_cv_sizeof_intmax_t=8
ac_cv_sizeof_intptr_t=8
ac_cv_sizeof_long=8
ac_cv_sizeof_long_double=16
ac_cv_sizeof_long_long=8
ac_cv_sizeof_mode_t=4
ac_cv_sizeof_off_t=8
ac_cv_sizeof_ptrdiff_t=8
ac_cv_sizeof_short=2
ac_cv_sizeof_size_t=8
ac_cv_sizeof_ssize_t=8
ac_cv_sizeof_time_t=8
ac_cv_sizeof_uintmax_t=8
ac_cv_sizeof_uintptr_t=8
ac_cv_sizeof_void_p=8
ac_cv_sys_file_offset_bits=no
ac_cv_sys_largefile_CC=no
ac_cv_target=x86_64-pc-linux-gnu
ac_cv_type_off_t=yes
ac_cv_type_ptrdiff_t=yes
ac_cv_type_signal=void
ac_cv_type_size_t=yes
am_cv_CCAS_dependencies_compiler_type=gcc3
am_cv_CC_dependencies_compiler_type=gcc3
am_cv_ar_interface=ar
am_cv_make_support_nested_variables=yes
am_cv_prog_cc_c_o=yes
lt_cv_ar_at_file=@
lt_cv_archive_cmds_need_lc=no
lt_cv_deplibs_check_method=pass_all
lt_cv_file_magic_cmd='$MAGIC_CMD'
lt_cv_file_magic_test_file=
lt_cv_ld_reload_flag=-r
lt_cv_nm_interface='BSD nm'
lt_cv_objdir=.libs
lt_cv_path_LD=/usr/bin/ld
lt_cv_path_NM='/usr/bin/nm -B'
lt_cv_path_mainfest_tool=no
lt_cv_prog_compiler_c_o=yes
lt_cv_prog_compiler_pic='-fPIC -DPIC'
lt_cv_prog_compiler_pic_works=yes
lt_cv_prog_compiler_rtti_exceptions=no
lt_cv_prog_compiler_static_works=yes
lt_cv_prog_gnu_ld=yes
lt_cv_sharedlib_from_linklib_cmd='printf %s\n'
lt_cv_shlibpath_overrides_runpath=yes
lt_cv_sys_global_symbol_pipe='sed -n -e '\''s/^.*[	 ]\([ABCDGIRSTW][ABCDGIRSTW]*\)[	 ][	 ]*\([_A-Za-z][_A-Za-z0-9]*\)$/\1 \2 \2/p'\'' | sed '\''/ __gnu_lto/d'\'''
lt_cv_sys_global_symbol_to_c_name_address='sed -n -e '\''s/^: \(.*\) .*$/  {"\1", (void *) 0},/p'\'' -e '\''s/^[ABCDGIRSTW][ABCDGIRSTW]* .* \(.*\)$/  {"\1", (void *) \&\1},/p'\'''
lt_cv_sys_global_symbol_to_c_name_address_lib_prefix='sed -n -e '\''s/^: \(.*\) .*$/  {"\1", (void *) 0},/p'\'' -e '\''s/^[ABCDGIRSTW][ABCDGIRSTW]* .* \(lib.*\)$/  {"\1", (void *) \&\1},/p'\'' -e '\''s/^[ABCDGIRSTW][ABCDGIRSTW]* .* \(.*\)$/  {"lib\1", (void *) \&\1},/p'\'''
lt_cv_sys_global_symbol_to_cdecl='sed -n -e '\''s/^T .* \(.*\)$/extern int \1();/p'\'' -e '\''s/^[ABCDGIRSTW][ABCDGIRSTW]* .* \(.*\)$/extern char \1;/p'\'''
lt_cv_sys_global_symbol_to_import=
lt_cv_sys_max_cmd_len=1572864
lt_cv_to_host_file_cmd=func_convert_file_noop
lt_cv_to_tool_file_cmd=func_convert_file_noop
mfx_cv_header_sane_limits_h=yes

## ----------------- ##
## Output variables. ##
## ----------------- ##

ACLOCAL='${SHELL} /home/hernanrazo/CS546/lib/lzo-2.10/autoconf/missing aclocal-1.15'
AMDEPBACKSLASH='\'
AMDEP_FALSE='#'
AMDEP_TRUE=''
AMTAR='$${TAR-tar}'
AM_BACKSLASH='\'
AM_DEFAULT_V='$(AM_DEFAULT_VERBOSITY)'
AM_DEFAULT_VERBOSITY='0'
AM_V='$(V)'
AR='ar'
AUTOCONF='${SHELL} /home/hernanrazo/CS546/lib/lzo-2.10/autoconf/missing autoconf'
AUTOHEADER='${SHELL} /home/hernanrazo/CS546/lib/lzo-2.10/autoconf/missing autoheader'
AUTOMAKE='${SHELL} /home/hernanrazo/CS546/lib/lzo-2.10/autoconf/missing automake-1.15'
AWK='mawk'
CC='gcc'
CCAS='gcc'
CCASDEPMODE='depmode=gcc3'
CCASFLAGS='-g -O2'
CCDEPMODE='depmode=gcc3'
CFLAGS='-g -O2'
CPP='gcc -E'
CPPFLAGS=''
CYGPATH_W='echo'
DEFS='-DLZO_HAVE_CONFIG_H=1'
DEPDIR='.deps'
DLLTOOL='false'
DSYMUTIL=''
DUMPBIN=''
ECHO_C=''
ECHO_N='-n'
ECHO_T=''
EGREP='/usr/bin/grep -E'
EXEEXT=''
FGREP='/usr/bin/grep -F'
GREP='/usr/bin/grep'
INSTALL_DATA='${INSTALL} -m 644'
INSTALL_PROGRAM='${INSTALL}'
INSTALL_SCRIPT='${INSTALL}'
INSTALL_STRIP_PROGRAM='$(install_sh) -c -s'
LD='/usr/bin/ld -m elf_x86_64'
LDFLAGS=''
LIBOBJS=''
LIBS=''
LIBTOOL='$(SHELL) $(top_builddir)/libtool'
LIPO=''
LN_S='ln -s'
LTLIBOBJS=''
LZO_USE_ASM_i386_obj_elf32_FALSE=''
LZO_USE_ASM_i386_obj_elf32_TRUE='#'
LZO_USE_ASM_i386_src_gas_FALSE=''
LZO_USE_ASM_i386_src_gas_TRUE='#'
MAINT='#'
MAINTAINER_MODE_FALSE=''
MAINTAINER_MODE_TRUE='#'
MAKEINFO='${SHELL} /home/hernanrazo/CS546/lib/lzo-2.10/autoconf/missing makeinfo'
MANIFEST_TOOL=':'
MKDIR_P='/usr/bin/mkdir -p'
NM='/usr/bin/nm -B'
NMEDIT=''
OBJDUMP='objdump'
OBJEXT='o'
OTOOL64=''
OTOOL=''
PACKAGE='lzo'
PACKAGE_BUGREPORT='markus@oberhumer.com'
PACKAGE_NAME='LZO'
PACKAGE_STRING='LZO 2.10'
PACKAGE_TARNAME='lzo'
PACKAGE_URL='http://www.oberhumer.com/opensource/lzo/'
PACKAGE_VERSION='2.10'
PATH_SEPARATOR=':'
RANLIB='ranlib'
SED='/usr/bin/sed'
SET_MAKE=''
SHELL='/bin/bash'
STRIP='strip'
VERSION='2.10'
ac_ct_AR='ar'
ac_ct_CC='gcc'
ac_ct_DUMPBIN=''
am__EXEEXT_FALSE=''
am__EXEEXT_TRUE='#'
am__fastdepCCAS_FALSE='#'
am__fastdepCCAS_TRUE=''
am__fastdepCC_FALSE='#'
am__fastdepCC_TRUE=''
am__include='include'
am__isrc=''
am__leading_dot='.'
am__nodep='_no'
am__quote=''
am__tar='$${TAR-tar} chof - "$$tardir"'
am__untar='$${TAR-tar} xf -'
bindir='${exec_prefix}/bin'
build='x86_64-pc-linux-gnu'
build_alias=''
build_cpu='x86_64'
build_os='linux-gnu'
build_vendor='pc'
datadir='${datarootdir}'
datarootdir='${prefix}/share'
docdir='/usr/share/doc/lzo-2.10'
dvidir='${docdir}'
exec_prefix='${prefix}'
host='x86_64-pc-linux-gnu'
host_alias=''
host_cpu='x86_64'
host_os='linux-gnu'
host_vendor='pc'
htmldir='${docdir}'
includedir='${prefix}/include'
infodir='${datarootdir}/info'
install_sh='${SHELL} /home/hernanrazo/CS546/lib/lzo-2.10/autoconf/install-sh'
libdir='${exec_prefix}/lib'
libexecdir='${exec_prefix}/libexec'
localedir='${datarootdir}/locale'
localstatedir='${prefix}/var'
mandir='${datarootdir}/man'
mkdir_p='$(MKDIR_P)'
oldincludedir='/usr/include'
pdfdir='${docdir}'
pkgconfigdir='${libdir}/pkgconfig'
prefix='/usr'
program_transform_name='s,x,x,'
psdir='${docdir}'
sbindir='${exec_prefix}/sbin'
sharedstatedir='${prefix}/com'
sysconfdir='${prefix}/etc'
target='x86_64-pc-linux-gnu'
target_alias=''
target_cpu='x86_64'
target_os='linux-gnu'
target_vendor='pc'

## ----------- ##
## confdefs.h. ##
## ----------- ##

/* confdefs.h */
#define PACKAGE_NAME "LZO"
#define PACKAGE_TARNAME "lzo"
#define PACKAGE_VERSION "2.10"
#define PACKAGE_STRING "LZO 2.10"
#define PACKAGE_BUGREPORT "markus@oberhumer.com"
#define PACKAGE_URL "http://www.oberhumer.com/opensource/lzo/"
#define STDC_HEADERS 1
#define HAVE_SYS_TYPES_H 1
#define HAVE_SYS_STAT_H 1
#define HAVE_STDLIB_H 1
#define HAVE_STRING_H 1
#define HAVE_MEMORY_H 1
#define HAVE_STRINGS_H 1
#define HAVE_INTTYPES_H 1
#define HAVE_STDINT_H 1
#define HAVE_UNISTD_H 1
#define LZO_ABI_LITTLE_ENDIAN 1
#define PACKAGE "lzo"
#define VERSION "2.10"
#define HAVE_DLFCN_H 1
#define LT_OBJDIR ".libs/"
#define TIME_WITH_SYS_TIME 1
#define HAVE_ASSERT_H 1
#define HAVE_CTYPE_H 1
#define HAVE_DIRENT_H 1
#define HAVE_ERRNO_H 1
#define HAVE_FCNTL_H 1
#define HAVE_FLOAT_H 1
#define HAVE_LIMITS_H 1
#define HAVE_MALLOC_H 1
#define HAVE_MEMORY_H 1
#define HAVE_SETJMP_H 1
#define HAVE_SIGNAL_H 1
#define HAVE_STDARG_H 1
#define HAVE_STDDEF_H 1
#define HAVE_STDINT_H 1
#define HAVE_STDIO_H 1
#define HAVE_STDLIB_H 1
#define HAVE_STRING_H 1
#define HAVE_STRINGS_H 1
#define HAVE_TIME_H 1
#define HAVE_UNISTD_H 1
#define HAVE_UTIME_H 1
#define HAVE_SYS_MMAN_H 1
#define HAVE_SYS_RESOURCE_H 1
#define HAVE_SYS_STAT_H 1
#define HAVE_SYS_TIME_H 1
#define HAVE_SYS_TYPES_H 1
#define HAVE_SYS_WAIT_H 1
#define RETSIGTYPE void
#define SIZEOF_SHORT 2
#define SIZEOF_INT 4
#define SIZEOF_LONG 8
#define SIZEOF_LONG_LONG 8
#define SIZEOF___INT16 0
#define SIZEOF___INT32 0
#define SIZEOF___INT64 0
#define SIZEOF_VOID_P 8
#define SIZEOF_SIZE_T 8
#define SIZEOF_PTRDIFF_T 8
#define SIZEOF___INT32 0
#define SIZEOF_INTMAX_T 8
#define SIZEOF_UINTMAX_T 8
#define SIZEOF_INTPTR_T 8
#define SIZEOF_UINTPTR_T 8
#define SIZEOF_FLOAT 4
#define SIZEOF_DOUBLE 8
#define SIZEOF_LONG_DOUBLE 16
#define SIZEOF_DEV_T 8
#define SIZEOF_FPOS_T 16
#define SIZEOF_MODE_T 4
#define SIZEOF_OFF_T 8
#define SIZEOF_SSIZE_T 8
#define SIZEOF_TIME_T 8
#define HAVE_ACCESS 1
#define HAVE_ATEXIT 1
#define HAVE_ATOI 1
#define HAVE_ATOL 1
#define HAVE_CHMOD 1
#define HAVE_CHOWN 1
#define HAVE_CLOCK_GETCPUCLOCKID 1
#define HAVE_CLOCK_GETRES 1
#define HAVE_CLOCK_GETTIME 1
#define HAVE_CTIME 1
#define HAVE_DIFFTIME 1
#define HAVE_FSTAT 1
#define HAVE_GETENV 1
#define HAVE_GETPAGESIZE 1
#define HAVE_GETRUSAGE 1
#define HAVE_GETTIMEOFDAY 1
#define HAVE_GMTIME 1
#define HAVE_ISATTY 1
#define HAVE_LOCALTIME 1
#define HAVE_LONGJMP 1
#define HAVE_LSTAT 1
#define HAVE_MEMCMP 1
#define HAVE_MEMCPY 1
#define HAVE_MEMMOVE 1
#define HAVE_MEMSET 1
#define HAVE_MKDIR 1
#define HAVE_MKTIME 1
#define HAVE_MMAP 1
#define HAVE_MPROTECT 1
#define HAVE_MUNMAP 1
#define HAVE_QSORT 1
#define HAVE_RAISE 1
#define HAVE_RMDIR 1
#define HAVE_SETJMP 1
#define HAVE_SIGNAL 1
#define HAVE_SNPRINTF 1
#define HAVE_STRCASECMP 1
#define HAVE_STRCHR 1
#define HAVE_STRDUP 1
#define HAVE_STRERROR 1
#define HAVE_STRFTIME 1
#define HAVE_STRNCASECMP 1
#define HAVE_STRRCHR 1
#define HAVE_STRSTR 1
#define HAVE_TIME 1
#define HAVE_UMASK 1
#define HAVE_UTIME 1
#define HAVE_VSNPRINTF 1

configure: exit 0
